Analysis & Synthesis report for ultrasonic_decision
Fri Nov  8 20:27:30 2019
Quartus II 32-bit Version 13.0.1 Build 232 06/12/2013 Service Pack 1 SJ Web Edition


---------------------
; Table of Contents ;
---------------------
  1. Legal Notice
  2. Analysis & Synthesis Summary
  3. Analysis & Synthesis Settings
  4. Parallel Compilation
  5. Analysis & Synthesis Source Files Read
  6. Analysis & Synthesis Resource Usage Summary
  7. Analysis & Synthesis Resource Utilization by Entity
  8. Registers Removed During Synthesis
  9. General Register Statistics
 10. Parameter Settings for User Entity Instance: utrassonic_sensor:ultrassonic_front|Trigger_generator:trigger_generator|Counter:trigg
 11. Parameter Settings for User Entity Instance: utrassonic_sensor:ultrassonic_front|Distance_calculator:distance_calculator|Counter:Counter_pulse
 12. Parameter Settings for User Entity Instance: utrassonic_sensor:ultrassonic_left|Trigger_generator:trigger_generator|Counter:trigg
 13. Parameter Settings for User Entity Instance: utrassonic_sensor:ultrassonic_left|Distance_calculator:distance_calculator|Counter:Counter_pulse
 14. Port Connectivity Checks: "utrassonic_sensor:ultrassonic_front|Trigger_generator:trigger_generator|Counter:trigg"
 15. Elapsed Time Per Partition
 16. Analysis & Synthesis Messages



----------------
; Legal Notice ;
----------------
Copyright (C) 1991-2013 Altera Corporation
Your use of Altera Corporation's design tools, logic functions 
and other software and tools, and its AMPP partner logic 
functions, and any output files from any of the foregoing 
(including device programming or simulation files), and any 
associated documentation or information are expressly subject 
to the terms and conditions of the Altera Program License 
Subscription Agreement, Altera MegaCore Function License 
Agreement, or other applicable license agreement, including, 
without limitation, that your use is for the sole purpose of 
programming logic devices manufactured by Altera and sold by 
Altera or its authorized distributors.  Please refer to the 
applicable agreement for further details.



+--------------------------------------------------------------------------------------+
; Analysis & Synthesis Summary                                                         ;
+------------------------------------+-------------------------------------------------+
; Analysis & Synthesis Status        ; Successful - Fri Nov  8 20:27:30 2019           ;
; Quartus II 32-bit Version          ; 13.0.1 Build 232 06/12/2013 SP 1 SJ Web Edition ;
; Revision Name                      ; ultrasonic_decision                             ;
; Top-level Entity Name              ; robot                                           ;
; Family                             ; Cyclone II                                      ;
; Total logic elements               ; 277                                             ;
;     Total combinational functions  ; 277                                             ;
;     Dedicated logic registers      ; 86                                              ;
; Total registers                    ; 86                                              ;
; Total pins                         ; 66                                              ;
; Total virtual pins                 ; 0                                               ;
; Total memory bits                  ; 0                                               ;
; Embedded Multiplier 9-bit elements ; 0                                               ;
; Total PLLs                         ; 0                                               ;
+------------------------------------+-------------------------------------------------+


+-----------------------------------------------------------------------------------------------------------------------+
; Analysis & Synthesis Settings                                                                                         ;
+----------------------------------------------------------------------------+--------------------+---------------------+
; Option                                                                     ; Setting            ; Default Value       ;
+----------------------------------------------------------------------------+--------------------+---------------------+
; Device                                                                     ; EP2C35F672C6       ;                     ;
; Top-level entity name                                                      ; robot              ; ultrasonic_decision ;
; Family name                                                                ; Cyclone II         ; Cyclone IV GX       ;
; Use smart compilation                                                      ; Off                ; Off                 ;
; Enable parallel Assembler and TimeQuest Timing Analyzer during compilation ; On                 ; On                  ;
; Enable compact report table                                                ; Off                ; Off                 ;
; Restructure Multiplexers                                                   ; Auto               ; Auto                ;
; Create Debugging Nodes for IP Cores                                        ; Off                ; Off                 ;
; Preserve fewer node names                                                  ; On                 ; On                  ;
; Disable OpenCore Plus hardware evaluation                                  ; Off                ; Off                 ;
; Verilog Version                                                            ; Verilog_2001       ; Verilog_2001        ;
; VHDL Version                                                               ; VHDL_1993          ; VHDL_1993           ;
; State Machine Processing                                                   ; Auto               ; Auto                ;
; Safe State Machine                                                         ; Off                ; Off                 ;
; Extract Verilog State Machines                                             ; On                 ; On                  ;
; Extract VHDL State Machines                                                ; On                 ; On                  ;
; Ignore Verilog initial constructs                                          ; Off                ; Off                 ;
; Iteration limit for constant Verilog loops                                 ; 5000               ; 5000                ;
; Iteration limit for non-constant Verilog loops                             ; 250                ; 250                 ;
; Add Pass-Through Logic to Inferred RAMs                                    ; On                 ; On                  ;
; Infer RAMs from Raw Logic                                                  ; On                 ; On                  ;
; Parallel Synthesis                                                         ; On                 ; On                  ;
; DSP Block Balancing                                                        ; Auto               ; Auto                ;
; NOT Gate Push-Back                                                         ; On                 ; On                  ;
; Power-Up Don't Care                                                        ; On                 ; On                  ;
; Remove Redundant Logic Cells                                               ; Off                ; Off                 ;
; Remove Duplicate Registers                                                 ; On                 ; On                  ;
; Ignore CARRY Buffers                                                       ; Off                ; Off                 ;
; Ignore CASCADE Buffers                                                     ; Off                ; Off                 ;
; Ignore GLOBAL Buffers                                                      ; Off                ; Off                 ;
; Ignore ROW GLOBAL Buffers                                                  ; Off                ; Off                 ;
; Ignore LCELL Buffers                                                       ; Off                ; Off                 ;
; Ignore SOFT Buffers                                                        ; On                 ; On                  ;
; Limit AHDL Integers to 32 Bits                                             ; Off                ; Off                 ;
; Optimization Technique                                                     ; Balanced           ; Balanced            ;
; Carry Chain Length                                                         ; 70                 ; 70                  ;
; Auto Carry Chains                                                          ; On                 ; On                  ;
; Auto Open-Drain Pins                                                       ; On                 ; On                  ;
; Perform WYSIWYG Primitive Resynthesis                                      ; Off                ; Off                 ;
; Auto ROM Replacement                                                       ; On                 ; On                  ;
; Auto RAM Replacement                                                       ; On                 ; On                  ;
; Auto Shift Register Replacement                                            ; Auto               ; Auto                ;
; Allow Shift Register Merging across Hierarchies                            ; Auto               ; Auto                ;
; Auto Clock Enable Replacement                                              ; On                 ; On                  ;
; Strict RAM Replacement                                                     ; Off                ; Off                 ;
; Allow Synchronous Control Signals                                          ; On                 ; On                  ;
; Force Use of Synchronous Clear Signals                                     ; Off                ; Off                 ;
; Auto RAM to Logic Cell Conversion                                          ; Off                ; Off                 ;
; Auto Resource Sharing                                                      ; Off                ; Off                 ;
; Allow Any RAM Size For Recognition                                         ; Off                ; Off                 ;
; Allow Any ROM Size For Recognition                                         ; Off                ; Off                 ;
; Allow Any Shift Register Size For Recognition                              ; Off                ; Off                 ;
; Use LogicLock Constraints during Resource Balancing                        ; On                 ; On                  ;
; Ignore translate_off and synthesis_off directives                          ; Off                ; Off                 ;
; Timing-Driven Synthesis                                                    ; Off                ; Off                 ;
; Report Parameter Settings                                                  ; On                 ; On                  ;
; Report Source Assignments                                                  ; On                 ; On                  ;
; Report Connectivity Checks                                                 ; On                 ; On                  ;
; Ignore Maximum Fan-Out Assignments                                         ; Off                ; Off                 ;
; Synchronization Register Chain Length                                      ; 2                  ; 2                   ;
; PowerPlay Power Optimization                                               ; Normal compilation ; Normal compilation  ;
; HDL message level                                                          ; Level2             ; Level2              ;
; Suppress Register Optimization Related Messages                            ; Off                ; Off                 ;
; Number of Removed Registers Reported in Synthesis Report                   ; 5000               ; 5000                ;
; Number of Swept Nodes Reported in Synthesis Report                         ; 5000               ; 5000                ;
; Number of Inverted Registers Reported in Synthesis Report                  ; 100                ; 100                 ;
; Clock MUX Protection                                                       ; On                 ; On                  ;
; Auto Gated Clock Conversion                                                ; Off                ; Off                 ;
; Block Design Naming                                                        ; Auto               ; Auto                ;
; SDC constraint protection                                                  ; Off                ; Off                 ;
; Synthesis Effort                                                           ; Auto               ; Auto                ;
; Shift Register Replacement - Allow Asynchronous Clear Signal               ; On                 ; On                  ;
; Pre-Mapping Resynthesis Optimization                                       ; Off                ; Off                 ;
; Analysis & Synthesis Message Level                                         ; Medium             ; Medium              ;
; Disable Register Merging Across Hierarchies                                ; Auto               ; Auto                ;
; Resource Aware Inference For Block RAM                                     ; On                 ; On                  ;
; Synthesis Seed                                                             ; 1                  ; 1                   ;
+----------------------------------------------------------------------------+--------------------+---------------------+


Parallel compilation was disabled, but you have multiple processors available. Enable parallel compilation to reduce compilation time.
+-------------------------------------+
; Parallel Compilation                ;
+----------------------------+--------+
; Processors                 ; Number ;
+----------------------------+--------+
; Number detected on machine ; 8      ;
; Maximum allowed            ; 1      ;
+----------------------------+--------+


+------------------------------------------------------------------------------------------------------------------------------------------------------------------------------------------------------------------------+
; Analysis & Synthesis Source Files Read                                                                                                                                                                                 ;
+-------------------------------------------+-----------------+-----------------+------------------------------------------------------------------------------------------------------------------------------+---------+
; File Name with User-Entered Path          ; Used in Netlist ; File Type       ; File Name with Absolute Path                                                                                                 ; Library ;
+-------------------------------------------+-----------------+-----------------+------------------------------------------------------------------------------------------------------------------------------+---------+
; utrassonic_sensor.vhd                     ; yes             ; User VHDL File  ; /home/samuel/Documents/UFRN/CIRCUITOS DIGITAIS/pratica/QuartusProjects/atividades/utrasonic_decision/utrassonic_sensor.vhd   ;         ;
; counter.vhd                               ; yes             ; User VHDL File  ; /home/samuel/Documents/UFRN/CIRCUITOS DIGITAIS/pratica/QuartusProjects/atividades/utrasonic_decision/counter.vhd             ;         ;
; binary_to_decimal.vhd                     ; yes             ; User VHDL File  ; /home/samuel/Documents/UFRN/CIRCUITOS DIGITAIS/pratica/QuartusProjects/atividades/utrasonic_decision/binary_to_decimal.vhd   ;         ;
; ../decodificador_4_to_7/decodificador.vhd ; yes             ; User VHDL File  ; /home/samuel/Documents/UFRN/CIRCUITOS DIGITAIS/pratica/QuartusProjects/atividades/decodificador_4_to_7/decodificador.vhd     ;         ;
; trigger_generator.vhd                     ; yes             ; User VHDL File  ; /home/samuel/Documents/UFRN/CIRCUITOS DIGITAIS/pratica/QuartusProjects/atividades/utrasonic_decision/trigger_generator.vhd   ;         ;
; distance_calculator.vhd                   ; yes             ; User VHDL File  ; /home/samuel/Documents/UFRN/CIRCUITOS DIGITAIS/pratica/QuartusProjects/atividades/utrasonic_decision/distance_calculator.vhd ;         ;
; display.vhd                               ; yes             ; User VHDL File  ; /home/samuel/Documents/UFRN/CIRCUITOS DIGITAIS/pratica/QuartusProjects/atividades/utrasonic_decision/display.vhd             ;         ;
; robot.vhd                                 ; yes             ; User VHDL File  ; /home/samuel/Documents/UFRN/CIRCUITOS DIGITAIS/pratica/QuartusProjects/atividades/utrasonic_decision/robot.vhd               ;         ;
; decision_controller.vhd                   ; yes             ; User VHDL File  ; /home/samuel/Documents/UFRN/CIRCUITOS DIGITAIS/pratica/QuartusProjects/atividades/utrasonic_decision/decision_controller.vhd ;         ;
+-------------------------------------------+-----------------+-----------------+------------------------------------------------------------------------------------------------------------------------------+---------+


+----------------------------------------------------------+
; Analysis & Synthesis Resource Usage Summary              ;
+---------------------------------------------+------------+
; Resource                                    ; Usage      ;
+---------------------------------------------+------------+
; Estimated Total logic elements              ; 277        ;
;                                             ;            ;
; Total combinational functions               ; 277        ;
; Logic element usage by number of LUT inputs ;            ;
;     -- 4 input functions                    ; 128        ;
;     -- 3 input functions                    ; 75         ;
;     -- <=2 input functions                  ; 74         ;
;                                             ;            ;
; Logic elements by mode                      ;            ;
;     -- normal mode                          ; 171        ;
;     -- arithmetic mode                      ; 106        ;
;                                             ;            ;
; Total registers                             ; 86         ;
;     -- Dedicated logic registers            ; 86         ;
;     -- I/O registers                        ; 0          ;
;                                             ;            ;
; I/O pins                                    ; 66         ;
; Embedded Multiplier 9-bit elements          ; 0          ;
; Maximum fan-out node                        ; fpga_clock ;
; Maximum fan-out                             ; 68         ;
; Total fan-out                               ; 1204       ;
; Average fan-out                             ; 2.81       ;
+---------------------------------------------+------------+


+-------------------------------------------------------------------------------------------------------------------------------------------------------------------------------------------------------------------------------------------------------------------------------------------------------+
; Analysis & Synthesis Resource Utilization by Entity                                                                                                                                                                                                                                                   ;
+-----------------------------------------------------------------+-------------------+--------------+-------------+--------------+---------+-----------+------+--------------+----------------------------------------------------------------------------------------------------------+--------------+
; Compilation Hierarchy Node                                      ; LC Combinationals ; LC Registers ; Memory Bits ; DSP Elements ; DSP 9x9 ; DSP 18x18 ; Pins ; Virtual Pins ; Full Hierarchy Name                                                                                      ; Library Name ;
+-----------------------------------------------------------------+-------------------+--------------+-------------+--------------+---------+-----------+------+--------------+----------------------------------------------------------------------------------------------------------+--------------+
; |robot                                                          ; 277 (0)           ; 86 (0)       ; 0           ; 0            ; 0       ; 0         ; 66   ; 0            ; |robot                                                                                                   ; work         ;
;    |decision_controller:decision_controller|                    ; 7 (7)             ; 0 (0)        ; 0           ; 0            ; 0       ; 0         ; 0    ; 0            ; |robot|decision_controller:decision_controller                                                           ; work         ;
;    |display:display_front|                                      ; 58 (0)            ; 0 (0)        ; 0           ; 0            ; 0       ; 0         ; 0    ; 0            ; |robot|display:display_front                                                                             ; work         ;
;       |binary_to_decimal:binary_to_decimal|                     ; 35 (35)           ; 0 (0)        ; 0           ; 0            ; 0       ; 0         ; 0    ; 0            ; |robot|display:display_front|binary_to_decimal:binary_to_decimal                                         ; work         ;
;       |decodificador:\seven_segments_generate:0:seven_segments| ; 7 (7)             ; 0 (0)        ; 0           ; 0            ; 0       ; 0         ; 0    ; 0            ; |robot|display:display_front|decodificador:\seven_segments_generate:0:seven_segments                     ; work         ;
;       |decodificador:\seven_segments_generate:1:seven_segments| ; 7 (7)             ; 0 (0)        ; 0           ; 0            ; 0       ; 0         ; 0    ; 0            ; |robot|display:display_front|decodificador:\seven_segments_generate:1:seven_segments                     ; work         ;
;       |decodificador:\seven_segments_generate:2:seven_segments| ; 9 (9)             ; 0 (0)        ; 0           ; 0            ; 0       ; 0         ; 0    ; 0            ; |robot|display:display_front|decodificador:\seven_segments_generate:2:seven_segments                     ; work         ;
;    |display:display_left|                                       ; 58 (0)            ; 0 (0)        ; 0           ; 0            ; 0       ; 0         ; 0    ; 0            ; |robot|display:display_left                                                                              ; work         ;
;       |binary_to_decimal:binary_to_decimal|                     ; 35 (35)           ; 0 (0)        ; 0           ; 0            ; 0       ; 0         ; 0    ; 0            ; |robot|display:display_left|binary_to_decimal:binary_to_decimal                                          ; work         ;
;       |decodificador:\seven_segments_generate:0:seven_segments| ; 7 (7)             ; 0 (0)        ; 0           ; 0            ; 0       ; 0         ; 0    ; 0            ; |robot|display:display_left|decodificador:\seven_segments_generate:0:seven_segments                      ; work         ;
;       |decodificador:\seven_segments_generate:1:seven_segments| ; 7 (7)             ; 0 (0)        ; 0           ; 0            ; 0       ; 0         ; 0    ; 0            ; |robot|display:display_left|decodificador:\seven_segments_generate:1:seven_segments                      ; work         ;
;       |decodificador:\seven_segments_generate:2:seven_segments| ; 9 (9)             ; 0 (0)        ; 0           ; 0            ; 0       ; 0         ; 0    ; 0            ; |robot|display:display_left|decodificador:\seven_segments_generate:2:seven_segments                      ; work         ;
;    |utrassonic_sensor:ultrassonic_front|                        ; 96 (0)            ; 55 (0)       ; 0           ; 0            ; 0       ; 0         ; 0    ; 0            ; |robot|utrassonic_sensor:ultrassonic_front                                                               ; work         ;
;       |Distance_calculator:distance_calculator|                 ; 58 (36)           ; 31 (9)       ; 0           ; 0            ; 0       ; 0         ; 0    ; 0            ; |robot|utrassonic_sensor:ultrassonic_front|Distance_calculator:distance_calculator                       ; work         ;
;          |Counter:Counter_pulse|                                ; 22 (22)           ; 22 (22)      ; 0           ; 0            ; 0       ; 0         ; 0    ; 0            ; |robot|utrassonic_sensor:ultrassonic_front|Distance_calculator:distance_calculator|Counter:Counter_pulse ; work         ;
;       |Trigger_generator:trigger_generator|                     ; 38 (14)           ; 24 (0)       ; 0           ; 0            ; 0       ; 0         ; 0    ; 0            ; |robot|utrassonic_sensor:ultrassonic_front|Trigger_generator:trigger_generator                           ; work         ;
;          |Counter:trigg|                                        ; 24 (24)           ; 24 (24)      ; 0           ; 0            ; 0       ; 0         ; 0    ; 0            ; |robot|utrassonic_sensor:ultrassonic_front|Trigger_generator:trigger_generator|Counter:trigg             ; work         ;
;    |utrassonic_sensor:ultrassonic_left|                         ; 58 (0)            ; 31 (0)       ; 0           ; 0            ; 0       ; 0         ; 0    ; 0            ; |robot|utrassonic_sensor:ultrassonic_left                                                                ; work         ;
;       |Distance_calculator:distance_calculator|                 ; 58 (36)           ; 31 (9)       ; 0           ; 0            ; 0       ; 0         ; 0    ; 0            ; |robot|utrassonic_sensor:ultrassonic_left|Distance_calculator:distance_calculator                        ; work         ;
;          |Counter:Counter_pulse|                                ; 22 (22)           ; 22 (22)      ; 0           ; 0            ; 0       ; 0         ; 0    ; 0            ; |robot|utrassonic_sensor:ultrassonic_left|Distance_calculator:distance_calculator|Counter:Counter_pulse  ; work         ;
+-----------------------------------------------------------------+-------------------+--------------+-------------+--------------+---------+-----------+------+--------------+----------------------------------------------------------------------------------------------------------+--------------+
Note: For table entries with two numbers listed, the numbers in parentheses indicate the number of resources of the given type used by the specific entity alone. The numbers listed outside of parentheses indicate the total resources of the given type used by the specific entity and all of its sub-entities in the hierarchy.


+--------------------------------------------------------------------------------------------------------------------------------------------------------------------------------------------------------------+
; Registers Removed During Synthesis                                                                                                                                                                           ;
+------------------------------------------------------------------------------------------------+-------------------------------------------------------------------------------------------------------------+
; Register name                                                                                  ; Reason for Removal                                                                                          ;
+------------------------------------------------------------------------------------------------+-------------------------------------------------------------------------------------------------------------+
; utrassonic_sensor:ultrassonic_left|Trigger_generator:trigger_generator|Counter:trigg|count[23] ; Merged with utrassonic_sensor:ultrassonic_front|Trigger_generator:trigger_generator|Counter:trigg|count[23] ;
; utrassonic_sensor:ultrassonic_left|Trigger_generator:trigger_generator|Counter:trigg|count[22] ; Merged with utrassonic_sensor:ultrassonic_front|Trigger_generator:trigger_generator|Counter:trigg|count[22] ;
; utrassonic_sensor:ultrassonic_left|Trigger_generator:trigger_generator|Counter:trigg|count[21] ; Merged with utrassonic_sensor:ultrassonic_front|Trigger_generator:trigger_generator|Counter:trigg|count[21] ;
; utrassonic_sensor:ultrassonic_left|Trigger_generator:trigger_generator|Counter:trigg|count[20] ; Merged with utrassonic_sensor:ultrassonic_front|Trigger_generator:trigger_generator|Counter:trigg|count[20] ;
; utrassonic_sensor:ultrassonic_left|Trigger_generator:trigger_generator|Counter:trigg|count[19] ; Merged with utrassonic_sensor:ultrassonic_front|Trigger_generator:trigger_generator|Counter:trigg|count[19] ;
; utrassonic_sensor:ultrassonic_left|Trigger_generator:trigger_generator|Counter:trigg|count[18] ; Merged with utrassonic_sensor:ultrassonic_front|Trigger_generator:trigger_generator|Counter:trigg|count[18] ;
; utrassonic_sensor:ultrassonic_left|Trigger_generator:trigger_generator|Counter:trigg|count[17] ; Merged with utrassonic_sensor:ultrassonic_front|Trigger_generator:trigger_generator|Counter:trigg|count[17] ;
; utrassonic_sensor:ultrassonic_left|Trigger_generator:trigger_generator|Counter:trigg|count[16] ; Merged with utrassonic_sensor:ultrassonic_front|Trigger_generator:trigger_generator|Counter:trigg|count[16] ;
; utrassonic_sensor:ultrassonic_left|Trigger_generator:trigger_generator|Counter:trigg|count[15] ; Merged with utrassonic_sensor:ultrassonic_front|Trigger_generator:trigger_generator|Counter:trigg|count[15] ;
; utrassonic_sensor:ultrassonic_left|Trigger_generator:trigger_generator|Counter:trigg|count[14] ; Merged with utrassonic_sensor:ultrassonic_front|Trigger_generator:trigger_generator|Counter:trigg|count[14] ;
; utrassonic_sensor:ultrassonic_left|Trigger_generator:trigger_generator|Counter:trigg|count[13] ; Merged with utrassonic_sensor:ultrassonic_front|Trigger_generator:trigger_generator|Counter:trigg|count[13] ;
; utrassonic_sensor:ultrassonic_left|Trigger_generator:trigger_generator|Counter:trigg|count[12] ; Merged with utrassonic_sensor:ultrassonic_front|Trigger_generator:trigger_generator|Counter:trigg|count[12] ;
; utrassonic_sensor:ultrassonic_left|Trigger_generator:trigger_generator|Counter:trigg|count[11] ; Merged with utrassonic_sensor:ultrassonic_front|Trigger_generator:trigger_generator|Counter:trigg|count[11] ;
; utrassonic_sensor:ultrassonic_left|Trigger_generator:trigger_generator|Counter:trigg|count[10] ; Merged with utrassonic_sensor:ultrassonic_front|Trigger_generator:trigger_generator|Counter:trigg|count[10] ;
; utrassonic_sensor:ultrassonic_left|Trigger_generator:trigger_generator|Counter:trigg|count[9]  ; Merged with utrassonic_sensor:ultrassonic_front|Trigger_generator:trigger_generator|Counter:trigg|count[9]  ;
; utrassonic_sensor:ultrassonic_left|Trigger_generator:trigger_generator|Counter:trigg|count[8]  ; Merged with utrassonic_sensor:ultrassonic_front|Trigger_generator:trigger_generator|Counter:trigg|count[8]  ;
; utrassonic_sensor:ultrassonic_left|Trigger_generator:trigger_generator|Counter:trigg|count[7]  ; Merged with utrassonic_sensor:ultrassonic_front|Trigger_generator:trigger_generator|Counter:trigg|count[7]  ;
; utrassonic_sensor:ultrassonic_left|Trigger_generator:trigger_generator|Counter:trigg|count[6]  ; Merged with utrassonic_sensor:ultrassonic_front|Trigger_generator:trigger_generator|Counter:trigg|count[6]  ;
; utrassonic_sensor:ultrassonic_left|Trigger_generator:trigger_generator|Counter:trigg|count[5]  ; Merged with utrassonic_sensor:ultrassonic_front|Trigger_generator:trigger_generator|Counter:trigg|count[5]  ;
; utrassonic_sensor:ultrassonic_left|Trigger_generator:trigger_generator|Counter:trigg|count[4]  ; Merged with utrassonic_sensor:ultrassonic_front|Trigger_generator:trigger_generator|Counter:trigg|count[4]  ;
; utrassonic_sensor:ultrassonic_left|Trigger_generator:trigger_generator|Counter:trigg|count[3]  ; Merged with utrassonic_sensor:ultrassonic_front|Trigger_generator:trigger_generator|Counter:trigg|count[3]  ;
; utrassonic_sensor:ultrassonic_left|Trigger_generator:trigger_generator|Counter:trigg|count[2]  ; Merged with utrassonic_sensor:ultrassonic_front|Trigger_generator:trigger_generator|Counter:trigg|count[2]  ;
; utrassonic_sensor:ultrassonic_left|Trigger_generator:trigger_generator|Counter:trigg|count[1]  ; Merged with utrassonic_sensor:ultrassonic_front|Trigger_generator:trigger_generator|Counter:trigg|count[1]  ;
; utrassonic_sensor:ultrassonic_left|Trigger_generator:trigger_generator|Counter:trigg|count[0]  ; Merged with utrassonic_sensor:ultrassonic_front|Trigger_generator:trigger_generator|Counter:trigg|count[0]  ;
; Total Number of Removed Registers = 24                                                         ;                                                                                                             ;
+------------------------------------------------------------------------------------------------+-------------------------------------------------------------------------------------------------------------+


+------------------------------------------------------+
; General Register Statistics                          ;
+----------------------------------------------+-------+
; Statistic                                    ; Value ;
+----------------------------------------------+-------+
; Total registers                              ; 86    ;
; Number of registers using Synchronous Clear  ; 0     ;
; Number of registers using Synchronous Load   ; 0     ;
; Number of registers using Asynchronous Clear ; 68    ;
; Number of registers using Asynchronous Load  ; 0     ;
; Number of registers using Clock Enable       ; 42    ;
; Number of registers using Preset             ; 0     ;
+----------------------------------------------+-------+


+------------------------------------------------------------------------------------------------------------------------------------+
; Parameter Settings for User Entity Instance: utrassonic_sensor:ultrassonic_front|Trigger_generator:trigger_generator|Counter:trigg ;
+----------------+-------+-----------------------------------------------------------------------------------------------------------+
; Parameter Name ; Value ; Type                                                                                                      ;
+----------------+-------+-----------------------------------------------------------------------------------------------------------+
; n              ; 24    ; Signed Integer                                                                                            ;
+----------------+-------+-----------------------------------------------------------------------------------------------------------+
Note: In order to hide this table in the UI and the text report file, please set the "Show Parameter Settings in Synthesis Report" option in "Analysis and Synthesis Settings -> More Settings" to "Off".


+------------------------------------------------------------------------------------------------------------------------------------------------+
; Parameter Settings for User Entity Instance: utrassonic_sensor:ultrassonic_front|Distance_calculator:distance_calculator|Counter:Counter_pulse ;
+----------------+-------+-----------------------------------------------------------------------------------------------------------------------+
; Parameter Name ; Value ; Type                                                                                                                  ;
+----------------+-------+-----------------------------------------------------------------------------------------------------------------------+
; n              ; 22    ; Signed Integer                                                                                                        ;
+----------------+-------+-----------------------------------------------------------------------------------------------------------------------+
Note: In order to hide this table in the UI and the text report file, please set the "Show Parameter Settings in Synthesis Report" option in "Analysis and Synthesis Settings -> More Settings" to "Off".


+-----------------------------------------------------------------------------------------------------------------------------------+
; Parameter Settings for User Entity Instance: utrassonic_sensor:ultrassonic_left|Trigger_generator:trigger_generator|Counter:trigg ;
+----------------+-------+----------------------------------------------------------------------------------------------------------+
; Parameter Name ; Value ; Type                                                                                                     ;
+----------------+-------+----------------------------------------------------------------------------------------------------------+
; n              ; 24    ; Signed Integer                                                                                           ;
+----------------+-------+----------------------------------------------------------------------------------------------------------+
Note: In order to hide this table in the UI and the text report file, please set the "Show Parameter Settings in Synthesis Report" option in "Analysis and Synthesis Settings -> More Settings" to "Off".


+-----------------------------------------------------------------------------------------------------------------------------------------------+
; Parameter Settings for User Entity Instance: utrassonic_sensor:ultrassonic_left|Distance_calculator:distance_calculator|Counter:Counter_pulse ;
+----------------+-------+----------------------------------------------------------------------------------------------------------------------+
; Parameter Name ; Value ; Type                                                                                                                 ;
+----------------+-------+----------------------------------------------------------------------------------------------------------------------+
; n              ; 22    ; Signed Integer                                                                                                       ;
+----------------+-------+----------------------------------------------------------------------------------------------------------------------+
Note: In order to hide this table in the UI and the text report file, please set the "Show Parameter Settings in Synthesis Report" option in "Analysis and Synthesis Settings -> More Settings" to "Off".


+-------------------------------------------------------------------------------------------------------------------+
; Port Connectivity Checks: "utrassonic_sensor:ultrassonic_front|Trigger_generator:trigger_generator|Counter:trigg" ;
+--------+-------+----------+---------------------------------------------------------------------------------------+
; Port   ; Type  ; Severity ; Details                                                                               ;
+--------+-------+----------+---------------------------------------------------------------------------------------+
; enable ; Input ; Info     ; Stuck at VCC                                                                          ;
+--------+-------+----------+---------------------------------------------------------------------------------------+


+-------------------------------+
; Elapsed Time Per Partition    ;
+----------------+--------------+
; Partition Name ; Elapsed Time ;
+----------------+--------------+
; Top            ; 00:00:02     ;
+----------------+--------------+


+-------------------------------+
; Analysis & Synthesis Messages ;
+-------------------------------+
Info: *******************************************************************
Info: Running Quartus II 32-bit Analysis & Synthesis
    Info: Version 13.0.1 Build 232 06/12/2013 Service Pack 1 SJ Web Edition
    Info: Processing started: Fri Nov  8 20:27:26 2019
Info: Command: quartus_map --read_settings_files=on --write_settings_files=off ultrasonic_decision -c ultrasonic_decision
Warning (20028): Parallel compilation is not licensed and has been disabled
Info (12021): Found 2 design units, including 1 entities, in source file ultrasonic_decision.vhd
    Info (12022): Found design unit 1: ultrasonic_decision-behavior
    Info (12023): Found entity 1: ultrasonic_decision
Info (12021): Found 2 design units, including 1 entities, in source file timer.vhd
    Info (12022): Found design unit 1: timer-behavior
    Info (12023): Found entity 1: timer
Info (12021): Found 2 design units, including 1 entities, in source file frequency_divider.vhd
    Info (12022): Found design unit 1: frequency_divider-behavior
    Info (12023): Found entity 1: frequency_divider
Info (12021): Found 2 design units, including 1 entities, in source file utrassonic_sensor.vhd
    Info (12022): Found design unit 1: utrassonic_sensor-behavior
    Info (12023): Found entity 1: utrassonic_sensor
Info (12021): Found 2 design units, including 1 entities, in source file counter.vhd
    Info (12022): Found design unit 1: Counter-Behavioral
    Info (12023): Found entity 1: Counter
Info (12021): Found 2 design units, including 1 entities, in source file trigger_control.vhd
    Info (12022): Found design unit 1: trigger_control-behavior
    Info (12023): Found entity 1: trigger_control
Info (12021): Found 2 design units, including 1 entities, in source file binary_to_decimal.vhd
    Info (12022): Found design unit 1: binary_to_decimal-behavior
    Info (12023): Found entity 1: binary_to_decimal
Info (12021): Found 2 design units, including 1 entities, in source file /home/samuel/Documents/UFRN/CIRCUITOS DIGITAIS/pratica/QuartusProjects/atividades/decodificador_4_to_7/decodificador.vhd
    Info (12022): Found design unit 1: decodificador-table
    Info (12023): Found entity 1: decodificador
Info (12021): Found 2 design units, including 1 entities, in source file trigger_generator.vhd
    Info (12022): Found design unit 1: Trigger_generator-Behavioral
    Info (12023): Found entity 1: Trigger_generator
Info (12021): Found 2 design units, including 1 entities, in source file distance_calculator.vhd
    Info (12022): Found design unit 1: Distance_calculator-Behavioral
    Info (12023): Found entity 1: Distance_calculator
Info (12021): Found 2 design units, including 1 entities, in source file output_files/controller.vhd
    Info (12022): Found design unit 1: controller-behavior
    Info (12023): Found entity 1: controller
Info (12021): Found 2 design units, including 1 entities, in source file display.vhd
    Info (12022): Found design unit 1: display-behavior
    Info (12023): Found entity 1: display
Info (12021): Found 2 design units, including 1 entities, in source file robot.vhd
    Info (12022): Found design unit 1: robot-behavior
    Info (12023): Found entity 1: robot
Info (12021): Found 2 design units, including 1 entities, in source file decision_controller.vhd
    Info (12022): Found design unit 1: decision_controller-behavior
    Info (12023): Found entity 1: decision_controller
Info (12127): Elaborating entity "robot" for the top level hierarchy
Info (12129): Elaborating entity "utrassonic_sensor" using architecture "A:behavior" for hierarchy "utrassonic_sensor:ultrassonic_front"
Info (12129): Elaborating entity "Trigger_generator" using architecture "A:behavioral" for hierarchy "utrassonic_sensor:ultrassonic_front|Trigger_generator:trigger_generator"
Info (12128): Elaborating entity "Counter" for hierarchy "utrassonic_sensor:ultrassonic_front|Trigger_generator:trigger_generator|Counter:trigg"
Info (12129): Elaborating entity "Distance_calculator" using architecture "A:behavioral" for hierarchy "utrassonic_sensor:ultrassonic_front|Distance_calculator:distance_calculator"
Info (12128): Elaborating entity "Counter" for hierarchy "utrassonic_sensor:ultrassonic_front|Distance_calculator:distance_calculator|Counter:Counter_pulse"
Info (12129): Elaborating entity "display" using architecture "A:behavior" for hierarchy "display:display_front"
Info (12129): Elaborating entity "binary_to_decimal" using architecture "A:behavior" for hierarchy "display:display_front|binary_to_decimal:binary_to_decimal"
Info (12129): Elaborating entity "decodificador" using architecture "A:table" for hierarchy "display:display_front|decodificador:\seven_segments_generate:0:seven_segments"
Info (12129): Elaborating entity "decision_controller" using architecture "A:behavior" for hierarchy "decision_controller:decision_controller"
Warning (13024): Output pins are stuck at VCC or GND
    Warning (13410): Pin "thousands_display_front[0]" is stuck at GND
    Warning (13410): Pin "thousands_display_front[1]" is stuck at GND
    Warning (13410): Pin "thousands_display_front[2]" is stuck at GND
    Warning (13410): Pin "thousands_display_front[3]" is stuck at GND
    Warning (13410): Pin "thousands_display_front[4]" is stuck at GND
    Warning (13410): Pin "thousands_display_front[5]" is stuck at GND
    Warning (13410): Pin "thousands_display_front[6]" is stuck at VCC
    Warning (13410): Pin "thousands_display_left[0]" is stuck at GND
    Warning (13410): Pin "thousands_display_left[1]" is stuck at GND
    Warning (13410): Pin "thousands_display_left[2]" is stuck at GND
    Warning (13410): Pin "thousands_display_left[3]" is stuck at GND
    Warning (13410): Pin "thousands_display_left[4]" is stuck at GND
    Warning (13410): Pin "thousands_display_left[5]" is stuck at GND
    Warning (13410): Pin "thousands_display_left[6]" is stuck at VCC
    Warning (13410): Pin "left_motor[0]" is stuck at GND
    Warning (13410): Pin "left_motor[1]" is stuck at VCC
    Warning (13410): Pin "right_motor[0]" is stuck at GND
Info (16010): Generating hard_block partition "hard_block:auto_generated_inst"
    Info (16011): Adding 0 node(s), including 0 DDIO, 0 PLL, 0 transceiver and 0 LCELL
Warning (21074): Design contains 1 input pin(s) that do not drive logic
    Warning (15610): No output dependent on input pin "start_button"
Info (21057): Implemented 343 device resources after synthesis - the final resource count might be different
    Info (21058): Implemented 4 input pins
    Info (21059): Implemented 62 output pins
    Info (21061): Implemented 277 logic cells
Info: Quartus II 32-bit Analysis & Synthesis was successful. 0 errors, 21 warnings
    Info: Peak virtual memory: 367 megabytes
    Info: Processing ended: Fri Nov  8 20:27:30 2019
    Info: Elapsed time: 00:00:04
    Info: Total CPU time (on all processors): 00:00:04


