Analysis & Synthesis report for ula
Fri Nov 15 01:18:03 2019
Quartus II 32-bit Version 13.0.1 Build 232 06/12/2013 Service Pack 1 SJ Web Edition


---------------------
; Table of Contents ;
---------------------
  1. Legal Notice
  2. Analysis & Synthesis Summary
  3. Analysis & Synthesis Settings
  4. Parallel Compilation
  5. Analysis & Synthesis Source Files Read
  6. Analysis & Synthesis Resource Usage Summary
  7. Analysis & Synthesis Resource Utilization by Entity
  8. User-Specified and Inferred Latches
  9. Logic Cells Representing Combinational Loops
 10. General Register Statistics
 11. Multiplexer Restructuring Statistics (Restructuring Performed)
 12. Port Connectivity Checks: "subtrator:subt_1"
 13. Port Connectivity Checks: "somador:soma_1"
 14. Elapsed Time Per Partition
 15. Analysis & Synthesis Messages



----------------
; Legal Notice ;
----------------
Copyright (C) 1991-2013 Altera Corporation
Your use of Altera Corporation's design tools, logic functions 
and other software and tools, and its AMPP partner logic 
functions, and any output files from any of the foregoing 
(including device programming or simulation files), and any 
associated documentation or information are expressly subject 
to the terms and conditions of the Altera Program License 
Subscription Agreement, Altera MegaCore Function License 
Agreement, or other applicable license agreement, including, 
without limitation, that your use is for the sole purpose of 
programming logic devices manufactured by Altera and sold by 
Altera or its authorized distributors.  Please refer to the 
applicable agreement for further details.



+--------------------------------------------------------------------------------------+
; Analysis & Synthesis Summary                                                         ;
+------------------------------------+-------------------------------------------------+
; Analysis & Synthesis Status        ; Successful - Fri Nov 15 01:18:03 2019           ;
; Quartus II 32-bit Version          ; 13.0.1 Build 232 06/12/2013 SP 1 SJ Web Edition ;
; Revision Name                      ; ula                                             ;
; Top-level Entity Name              ; ula                                             ;
; Family                             ; Cyclone II                                      ;
; Total logic elements               ; 68                                              ;
;     Total combinational functions  ; 68                                              ;
;     Dedicated logic registers      ; 0                                               ;
; Total registers                    ; 0                                               ;
; Total pins                         ; 20                                              ;
; Total virtual pins                 ; 0                                               ;
; Total memory bits                  ; 0                                               ;
; Embedded Multiplier 9-bit elements ; 0                                               ;
; Total PLLs                         ; 0                                               ;
+------------------------------------+-------------------------------------------------+


+----------------------------------------------------------------------------------------------------------------------+
; Analysis & Synthesis Settings                                                                                        ;
+----------------------------------------------------------------------------+--------------------+--------------------+
; Option                                                                     ; Setting            ; Default Value      ;
+----------------------------------------------------------------------------+--------------------+--------------------+
; Device                                                                     ; EP2C35F672C6       ;                    ;
; Top-level entity name                                                      ; ula                ; ula                ;
; Family name                                                                ; Cyclone II         ; Cyclone IV GX      ;
; Use smart compilation                                                      ; Off                ; Off                ;
; Enable parallel Assembler and TimeQuest Timing Analyzer during compilation ; On                 ; On                 ;
; Enable compact report table                                                ; Off                ; Off                ;
; Restructure Multiplexers                                                   ; Auto               ; Auto               ;
; Create Debugging Nodes for IP Cores                                        ; Off                ; Off                ;
; Preserve fewer node names                                                  ; On                 ; On                 ;
; Disable OpenCore Plus hardware evaluation                                  ; Off                ; Off                ;
; Verilog Version                                                            ; Verilog_2001       ; Verilog_2001       ;
; VHDL Version                                                               ; VHDL_1993          ; VHDL_1993          ;
; State Machine Processing                                                   ; Auto               ; Auto               ;
; Safe State Machine                                                         ; Off                ; Off                ;
; Extract Verilog State Machines                                             ; On                 ; On                 ;
; Extract VHDL State Machines                                                ; On                 ; On                 ;
; Ignore Verilog initial constructs                                          ; Off                ; Off                ;
; Iteration limit for constant Verilog loops                                 ; 5000               ; 5000               ;
; Iteration limit for non-constant Verilog loops                             ; 250                ; 250                ;
; Add Pass-Through Logic to Inferred RAMs                                    ; On                 ; On                 ;
; Infer RAMs from Raw Logic                                                  ; On                 ; On                 ;
; Parallel Synthesis                                                         ; On                 ; On                 ;
; DSP Block Balancing                                                        ; Auto               ; Auto               ;
; NOT Gate Push-Back                                                         ; On                 ; On                 ;
; Power-Up Don't Care                                                        ; On                 ; On                 ;
; Remove Redundant Logic Cells                                               ; Off                ; Off                ;
; Remove Duplicate Registers                                                 ; On                 ; On                 ;
; Ignore CARRY Buffers                                                       ; Off                ; Off                ;
; Ignore CASCADE Buffers                                                     ; Off                ; Off                ;
; Ignore GLOBAL Buffers                                                      ; Off                ; Off                ;
; Ignore ROW GLOBAL Buffers                                                  ; Off                ; Off                ;
; Ignore LCELL Buffers                                                       ; Off                ; Off                ;
; Ignore SOFT Buffers                                                        ; On                 ; On                 ;
; Limit AHDL Integers to 32 Bits                                             ; Off                ; Off                ;
; Optimization Technique                                                     ; Balanced           ; Balanced           ;
; Carry Chain Length                                                         ; 70                 ; 70                 ;
; Auto Carry Chains                                                          ; On                 ; On                 ;
; Auto Open-Drain Pins                                                       ; On                 ; On                 ;
; Perform WYSIWYG Primitive Resynthesis                                      ; Off                ; Off                ;
; Auto ROM Replacement                                                       ; On                 ; On                 ;
; Auto RAM Replacement                                                       ; On                 ; On                 ;
; Auto Shift Register Replacement                                            ; Auto               ; Auto               ;
; Allow Shift Register Merging across Hierarchies                            ; Auto               ; Auto               ;
; Auto Clock Enable Replacement                                              ; On                 ; On                 ;
; Strict RAM Replacement                                                     ; Off                ; Off                ;
; Allow Synchronous Control Signals                                          ; On                 ; On                 ;
; Force Use of Synchronous Clear Signals                                     ; Off                ; Off                ;
; Auto RAM to Logic Cell Conversion                                          ; Off                ; Off                ;
; Auto Resource Sharing                                                      ; Off                ; Off                ;
; Allow Any RAM Size For Recognition                                         ; Off                ; Off                ;
; Allow Any ROM Size For Recognition                                         ; Off                ; Off                ;
; Allow Any Shift Register Size For Recognition                              ; Off                ; Off                ;
; Use LogicLock Constraints during Resource Balancing                        ; On                 ; On                 ;
; Ignore translate_off and synthesis_off directives                          ; Off                ; Off                ;
; Timing-Driven Synthesis                                                    ; Off                ; Off                ;
; Report Parameter Settings                                                  ; On                 ; On                 ;
; Report Source Assignments                                                  ; On                 ; On                 ;
; Report Connectivity Checks                                                 ; On                 ; On                 ;
; Ignore Maximum Fan-Out Assignments                                         ; Off                ; Off                ;
; Synchronization Register Chain Length                                      ; 2                  ; 2                  ;
; PowerPlay Power Optimization                                               ; Normal compilation ; Normal compilation ;
; HDL message level                                                          ; Level2             ; Level2             ;
; Suppress Register Optimization Related Messages                            ; Off                ; Off                ;
; Number of Removed Registers Reported in Synthesis Report                   ; 5000               ; 5000               ;
; Number of Swept Nodes Reported in Synthesis Report                         ; 5000               ; 5000               ;
; Number of Inverted Registers Reported in Synthesis Report                  ; 100                ; 100                ;
; Clock MUX Protection                                                       ; On                 ; On                 ;
; Auto Gated Clock Conversion                                                ; Off                ; Off                ;
; Block Design Naming                                                        ; Auto               ; Auto               ;
; SDC constraint protection                                                  ; Off                ; Off                ;
; Synthesis Effort                                                           ; Auto               ; Auto               ;
; Shift Register Replacement - Allow Asynchronous Clear Signal               ; On                 ; On                 ;
; Pre-Mapping Resynthesis Optimization                                       ; Off                ; Off                ;
; Analysis & Synthesis Message Level                                         ; Medium             ; Medium             ;
; Disable Register Merging Across Hierarchies                                ; Auto               ; Auto               ;
; Resource Aware Inference For Block RAM                                     ; On                 ; On                 ;
; Synthesis Seed                                                             ; 1                  ; 1                  ;
+----------------------------------------------------------------------------+--------------------+--------------------+


Parallel compilation was disabled, but you have multiple processors available. Enable parallel compilation to reduce compilation time.
+-------------------------------------+
; Parallel Compilation                ;
+----------------------------+--------+
; Processors                 ; Number ;
+----------------------------+--------+
; Number detected on machine ; 8      ;
; Maximum allowed            ; 1      ;
+----------------------------+--------+


+-----------------------------------------------------------------------------------------------------------------------------+
; Analysis & Synthesis Source Files Read                                                                                      ;
+----------------------------------+-----------------+-----------------+--------------------------------------------+---------+
; File Name with User-Entered Path ; Used in Netlist ; File Type       ; File Name with Absolute Path               ; Library ;
+----------------------------------+-----------------+-----------------+--------------------------------------------+---------+
; ula.vhd                          ; yes             ; User VHDL File  ; /home/samuel/Downloads/ULA/ula.vhd         ;         ;
; somador.vhd                      ; yes             ; User VHDL File  ; /home/samuel/Downloads/ULA/somador.vhd     ;         ;
; subtrator.vhd                    ; yes             ; User VHDL File  ; /home/samuel/Downloads/ULA/subtrator.vhd   ;         ;
; inverter.vhd                     ; yes             ; User VHDL File  ; /home/samuel/Downloads/ULA/inverter.vhd    ;         ;
; maiorq.vhd                       ; yes             ; User VHDL File  ; /home/samuel/Downloads/ULA/maiorq.vhd      ;         ;
; menorq.vhd                       ; yes             ; User VHDL File  ; /home/samuel/Downloads/ULA/menorq.vhd      ;         ;
; mux.vhd                          ; yes             ; User VHDL File  ; /home/samuel/Downloads/ULA/mux.vhd         ;         ;
; convdisplay.vhd                  ; yes             ; User VHDL File  ; /home/samuel/Downloads/ULA/convdisplay.vhd ;         ;
; button.vhd                       ; yes             ; User VHDL File  ; /home/samuel/Downloads/ULA/button.vhd      ;         ;
+----------------------------------+-----------------+-----------------+--------------------------------------------+---------+


+-----------------------------------------------------------+
; Analysis & Synthesis Resource Usage Summary               ;
+---------------------------------------------+-------------+
; Resource                                    ; Usage       ;
+---------------------------------------------+-------------+
; Estimated Total logic elements              ; 68          ;
;                                             ;             ;
; Total combinational functions               ; 68          ;
; Logic element usage by number of LUT inputs ;             ;
;     -- 4 input functions                    ; 33          ;
;     -- 3 input functions                    ; 26          ;
;     -- <=2 input functions                  ; 9           ;
;                                             ;             ;
; Logic elements by mode                      ;             ;
;     -- normal mode                          ; 68          ;
;     -- arithmetic mode                      ; 0           ;
;                                             ;             ;
; Total registers                             ; 0           ;
;     -- Dedicated logic registers            ; 0           ;
;     -- I/O registers                        ; 0           ;
;                                             ;             ;
; I/O pins                                    ; 20          ;
; Embedded Multiplier 9-bit elements          ; 0           ;
; Maximum fan-out node                        ; operator[1] ;
; Maximum fan-out                             ; 15          ;
; Total fan-out                               ; 235         ;
; Average fan-out                             ; 2.67        ;
+---------------------------------------------+-------------+


+--------------------------------------------------------------------------------------------------------------------------------------------------------------------------------------------+
; Analysis & Synthesis Resource Utilization by Entity                                                                                                                                        ;
+--------------------------------+-------------------+--------------+-------------+--------------+---------+-----------+------+--------------+--------------------------------+--------------+
; Compilation Hierarchy Node     ; LC Combinationals ; LC Registers ; Memory Bits ; DSP Elements ; DSP 9x9 ; DSP 18x18 ; Pins ; Virtual Pins ; Full Hierarchy Name            ; Library Name ;
+--------------------------------+-------------------+--------------+-------------+--------------+---------+-----------+------+--------------+--------------------------------+--------------+
; |ula                           ; 68 (0)            ; 0 (0)        ; 0           ; 0            ; 0       ; 0         ; 20   ; 0            ; |ula                           ; work         ;
;    |button:button|             ; 1 (1)             ; 0 (0)        ; 0           ; 0            ; 0       ; 0         ; 0    ; 0            ; |ula|button:button             ; work         ;
;    |convdisplay:convdisplay_1| ; 23 (23)           ; 0 (0)        ; 0           ; 0            ; 0       ; 0         ; 0    ; 0            ; |ula|convdisplay:convdisplay_1 ; work         ;
;    |maiorq:maq_1|              ; 3 (3)             ; 0 (0)        ; 0           ; 0            ; 0       ; 0         ; 0    ; 0            ; |ula|maiorq:maq_1              ; work         ;
;    |mux_ula:mux_1|             ; 36 (36)           ; 0 (0)        ; 0           ; 0            ; 0       ; 0         ; 0    ; 0            ; |ula|mux_ula:mux_1             ; work         ;
;    |somador:soma_1|            ; 3 (3)             ; 0 (0)        ; 0           ; 0            ; 0       ; 0         ; 0    ; 0            ; |ula|somador:soma_1            ; work         ;
;    |subtrator:subt_1|          ; 2 (2)             ; 0 (0)        ; 0           ; 0            ; 0       ; 0         ; 0    ; 0            ; |ula|subtrator:subt_1          ; work         ;
+--------------------------------+-------------------+--------------+-------------+--------------+---------+-----------+------+--------------+--------------------------------+--------------+
Note: For table entries with two numbers listed, the numbers in parentheses indicate the number of resources of the given type used by the specific entity alone. The numbers listed outside of parentheses indicate the total resources of the given type used by the specific entity and all of its sub-entities in the hierarchy.


+-----------------------------------------------------------------------------------------------------------------+
; User-Specified and Inferred Latches                                                                             ;
+-----------------------------------------------------+----------------------------------+------------------------+
; Latch Name                                          ; Latch Enable Signal              ; Free of Timing Hazards ;
+-----------------------------------------------------+----------------------------------+------------------------+
; mux_ula:mux_1|saida_led                             ; mux_ula:mux_1|saida_led          ; yes                    ;
; convdisplay:convdisplay_1|display[0]                ; convdisplay:convdisplay_1|Equal0 ; no                     ;
; convdisplay:convdisplay_1|display[1]                ; convdisplay:convdisplay_1|Equal0 ; no                     ;
; convdisplay:convdisplay_1|display[2]                ; convdisplay:convdisplay_1|Equal0 ; yes                    ;
; convdisplay:convdisplay_1|display[3]                ; convdisplay:convdisplay_1|Equal0 ; no                     ;
; convdisplay:convdisplay_1|display[4]                ; convdisplay:convdisplay_1|Equal0 ; no                     ;
; convdisplay:convdisplay_1|display[5]                ; convdisplay:convdisplay_1|Equal0 ; yes                    ;
; convdisplay:convdisplay_1|display[6]                ; convdisplay:convdisplay_1|Equal0 ; no                     ;
; mux_ula:mux_1|y[0]                                  ; mux_ula:mux_1|y[3]               ; yes                    ;
; mux_ula:mux_1|y[1]                                  ; mux_ula:mux_1|y[3]               ; yes                    ;
; mux_ula:mux_1|y[2]                                  ; mux_ula:mux_1|y[3]               ; yes                    ;
; mux_ula:mux_1|y[3]                                  ; mux_ula:mux_1|y[3]               ; yes                    ;
; mux_ula:mux_1|ctrl[1]                               ; mux_ula:mux_1|saida_led          ; no                     ;
; mux_ula:mux_1|ctrl[0]                               ; mux_ula:mux_1|saida_led          ; yes                    ;
; Number of user-specified and inferred latches = 14  ;                                  ;                        ;
+-----------------------------------------------------+----------------------------------+------------------------+
Note: All latches listed above may not be present at the end of synthesis due to various synthesis optimizations.


+------------------------------------------------------------+
; Logic Cells Representing Combinational Loops               ;
+--------------------------------------------------------+---+
; Logic Cell Name                                        ;   ;
+--------------------------------------------------------+---+
; button:button|keyonoff                                 ;   ;
; Number of logic cells representing combinational loops ; 1 ;
+--------------------------------------------------------+---+
Note: All cells listed above may not be present at the end of synthesis due to various synthesis optimizations.


+------------------------------------------------------+
; General Register Statistics                          ;
+----------------------------------------------+-------+
; Statistic                                    ; Value ;
+----------------------------------------------+-------+
; Total registers                              ; 0     ;
; Number of registers using Synchronous Clear  ; 0     ;
; Number of registers using Synchronous Load   ; 0     ;
; Number of registers using Asynchronous Clear ; 0     ;
; Number of registers using Asynchronous Load  ; 0     ;
; Number of registers using Clock Enable       ; 0     ;
; Number of registers using Preset             ; 0     ;
+----------------------------------------------+-------+


+------------------------------------------------------------------------------------------------------------------------------------------+
; Multiplexer Restructuring Statistics (Restructuring Performed)                                                                           ;
+--------------------+-----------+---------------+----------------------+------------------------+------------+----------------------------+
; Multiplexer Inputs ; Bus Width ; Baseline Area ; Area if Restructured ; Saving if Restructured ; Registered ; Example Multiplexer Output ;
+--------------------+-----------+---------------+----------------------+------------------------+------------+----------------------------+
; 3:1                ; 3 bits    ; 6 LEs         ; 6 LEs                ; 0 LEs                  ; No         ; |ula|mux_ula:mux_1|y[3]    ;
+--------------------+-----------+---------------+----------------------+------------------------+------------+----------------------------+


+----------------------------------------------------------------------------------------------------------------+
; Port Connectivity Checks: "subtrator:subt_1"                                                                   ;
+------+--------+----------+-------------------------------------------------------------------------------------+
; Port ; Type   ; Severity ; Details                                                                             ;
+------+--------+----------+-------------------------------------------------------------------------------------+
; cin  ; Input  ; Info     ; Stuck at GND                                                                        ;
; cout ; Output ; Info     ; Connected to dangling logic. Logic that only feeds a dangling port will be removed. ;
+------+--------+----------+-------------------------------------------------------------------------------------+


+----------------------------------------------------------------------------------------------------------------+
; Port Connectivity Checks: "somador:soma_1"                                                                     ;
+------+--------+----------+-------------------------------------------------------------------------------------+
; Port ; Type   ; Severity ; Details                                                                             ;
+------+--------+----------+-------------------------------------------------------------------------------------+
; cin  ; Input  ; Info     ; Stuck at GND                                                                        ;
; cout ; Output ; Info     ; Connected to dangling logic. Logic that only feeds a dangling port will be removed. ;
+------+--------+----------+-------------------------------------------------------------------------------------+


+-------------------------------+
; Elapsed Time Per Partition    ;
+----------------+--------------+
; Partition Name ; Elapsed Time ;
+----------------+--------------+
; Top            ; 00:00:00     ;
+----------------+--------------+


+-------------------------------+
; Analysis & Synthesis Messages ;
+-------------------------------+
Info: *******************************************************************
Info: Running Quartus II 32-bit Analysis & Synthesis
    Info: Version 13.0.1 Build 232 06/12/2013 Service Pack 1 SJ Web Edition
    Info: Processing started: Fri Nov 15 01:18:01 2019
Info: Command: quartus_map --read_settings_files=on --write_settings_files=off ula -c ula
Warning (20028): Parallel compilation is not licensed and has been disabled
Info (12021): Found 2 design units, including 1 entities, in source file ula.vhd
    Info (12022): Found design unit 1: ula-behaviorula
    Info (12023): Found entity 1: ula
Info (12021): Found 2 design units, including 1 entities, in source file somador.vhd
    Info (12022): Found design unit 1: somador-behaviorsomador
    Info (12023): Found entity 1: somador
Info (12021): Found 2 design units, including 1 entities, in source file subtrator.vhd
    Info (12022): Found design unit 1: subtrator-behaviorsubtrator
    Info (12023): Found entity 1: subtrator
Info (12021): Found 2 design units, including 1 entities, in source file inverter.vhd
    Info (12022): Found design unit 1: inverter-behaviorinverter
    Info (12023): Found entity 1: inverter
Info (12021): Found 2 design units, including 1 entities, in source file maiorq.vhd
    Info (12022): Found design unit 1: maiorq-behaviormaiorq
    Info (12023): Found entity 1: maiorq
Info (12021): Found 2 design units, including 1 entities, in source file menorq.vhd
    Info (12022): Found design unit 1: menorq-behaviormenorq
    Info (12023): Found entity 1: menorq
Info (12021): Found 2 design units, including 1 entities, in source file mux.vhd
    Info (12022): Found design unit 1: mux_ula-behaviormux
    Info (12023): Found entity 1: mux_ula
Info (12021): Found 2 design units, including 1 entities, in source file convdisplay.vhd
    Info (12022): Found design unit 1: convdisplay-behaviorconvdisplay
    Info (12023): Found entity 1: convdisplay
Info (12021): Found 2 design units, including 1 entities, in source file button.vhd
    Info (12022): Found design unit 1: button-behavior
    Info (12023): Found entity 1: button
Info (12127): Elaborating entity "ula" for the top level hierarchy
Info (12129): Elaborating entity "button" using architecture "A:behavior" for hierarchy "button:button"
Info (12129): Elaborating entity "somador" using architecture "A:behaviorsomador" for hierarchy "somador:soma_1"
Info (12129): Elaborating entity "subtrator" using architecture "A:behaviorsubtrator" for hierarchy "subtrator:subt_1"
Info (12129): Elaborating entity "maiorq" using architecture "A:behaviormaiorq" for hierarchy "maiorq:maq_1"
Info (12129): Elaborating entity "menorq" using architecture "A:behaviormenorq" for hierarchy "menorq:meq_1"
Info (12129): Elaborating entity "inverter" using architecture "A:behaviorinverter" for hierarchy "inverter:inv_1"
Info (12129): Elaborating entity "mux_ula" using architecture "A:behaviormux" for hierarchy "mux_ula:mux_1"
Warning (10492): VHDL Process Statement warning at mux.vhd(28): signal "insoma" is read inside the Process Statement but isn't in the Process Statement's sensitivity list
Warning (10492): VHDL Process Statement warning at mux.vhd(30): signal "insoma" is read inside the Process Statement but isn't in the Process Statement's sensitivity list
Warning (10492): VHDL Process Statement warning at mux.vhd(34): signal "insoma" is read inside the Process Statement but isn't in the Process Statement's sensitivity list
Warning (10492): VHDL Process Statement warning at mux.vhd(40): signal "inmaq" is read inside the Process Statement but isn't in the Process Statement's sensitivity list
Warning (10492): VHDL Process Statement warning at mux.vhd(41): signal "insubt" is read inside the Process Statement but isn't in the Process Statement's sensitivity list
Warning (10492): VHDL Process Statement warning at mux.vhd(51): signal "inmaq" is read inside the Process Statement but isn't in the Process Statement's sensitivity list
Warning (10492): VHDL Process Statement warning at mux.vhd(61): signal "inmeq" is read inside the Process Statement but isn't in the Process Statement's sensitivity list
Warning (10492): VHDL Process Statement warning at mux.vhd(70): signal "ininv" is read inside the Process Statement but isn't in the Process Statement's sensitivity list
Warning (10631): VHDL Process Statement warning at mux.vhd(20): inferring latch(es) for signal or variable "saida_led", which holds its previous value in one or more paths through the process
Warning (10631): VHDL Process Statement warning at mux.vhd(20): inferring latch(es) for signal or variable "ctrl", which holds its previous value in one or more paths through the process
Warning (10631): VHDL Process Statement warning at mux.vhd(20): inferring latch(es) for signal or variable "y", which holds its previous value in one or more paths through the process
Info (10041): Inferred latch for "y[0]" at mux.vhd(20)
Info (10041): Inferred latch for "y[1]" at mux.vhd(20)
Info (10041): Inferred latch for "y[2]" at mux.vhd(20)
Info (10041): Inferred latch for "y[3]" at mux.vhd(20)
Info (10041): Inferred latch for "ctrl[0]" at mux.vhd(20)
Info (10041): Inferred latch for "ctrl[1]" at mux.vhd(20)
Info (10041): Inferred latch for "saida_led" at mux.vhd(20)
Info (12129): Elaborating entity "convdisplay" using architecture "A:behaviorconvdisplay" for hierarchy "convdisplay:convdisplay_1"
Warning (10631): VHDL Process Statement warning at convdisplay.vhd(14): inferring latch(es) for signal or variable "display", which holds its previous value in one or more paths through the process
Info (10041): Inferred latch for "display[0]" at convdisplay.vhd(14)
Info (10041): Inferred latch for "display[1]" at convdisplay.vhd(14)
Info (10041): Inferred latch for "display[2]" at convdisplay.vhd(14)
Info (10041): Inferred latch for "display[3]" at convdisplay.vhd(14)
Info (10041): Inferred latch for "display[4]" at convdisplay.vhd(14)
Info (10041): Inferred latch for "display[5]" at convdisplay.vhd(14)
Info (10041): Inferred latch for "display[6]" at convdisplay.vhd(14)
Warning (13012): Latch mux_ula:mux_1|saida_led has unsafe behavior
    Warning (13013): Ports D and ENA on the latch are fed by the same signal operator[2]
Warning (13012): Latch convdisplay:convdisplay_1|display[0] has unsafe behavior
    Warning (13013): Ports ENA and PRE on the latch are fed by the same signal mux_ula:mux_1|ctrl[1]
Warning (13012): Latch convdisplay:convdisplay_1|display[1] has unsafe behavior
    Warning (13013): Ports ENA and PRE on the latch are fed by the same signal mux_ula:mux_1|ctrl[1]
Warning (13012): Latch convdisplay:convdisplay_1|display[2] has unsafe behavior
    Warning (13013): Ports ENA and PRE on the latch are fed by the same signal mux_ula:mux_1|ctrl[1]
Warning (13012): Latch convdisplay:convdisplay_1|display[3] has unsafe behavior
    Warning (13013): Ports ENA and PRE on the latch are fed by the same signal mux_ula:mux_1|ctrl[1]
Warning (13012): Latch convdisplay:convdisplay_1|display[4] has unsafe behavior
    Warning (13013): Ports ENA and PRE on the latch are fed by the same signal mux_ula:mux_1|ctrl[1]
Warning (13012): Latch convdisplay:convdisplay_1|display[5] has unsafe behavior
    Warning (13013): Ports ENA and PRE on the latch are fed by the same signal mux_ula:mux_1|ctrl[1]
Warning (13012): Latch convdisplay:convdisplay_1|display[6] has unsafe behavior
    Warning (13013): Ports ENA and PRE on the latch are fed by the same signal mux_ula:mux_1|ctrl[1]
Warning (13012): Latch mux_ula:mux_1|y[0] has unsafe behavior
    Warning (13013): Ports D and ENA on the latch are fed by the same signal inputdata1[0]
Warning (13012): Latch mux_ula:mux_1|y[1] has unsafe behavior
    Warning (13013): Ports D and ENA on the latch are fed by the same signal inputdata1[1]
Warning (13012): Latch mux_ula:mux_1|y[2] has unsafe behavior
    Warning (13013): Ports D and ENA on the latch are fed by the same signal inputdata1[2]
Warning (13012): Latch mux_ula:mux_1|y[3] has unsafe behavior
    Warning (13013): Ports D and ENA on the latch are fed by the same signal inputdata1[3]
Warning (13012): Latch mux_ula:mux_1|ctrl[1] has unsafe behavior
    Warning (13013): Ports D and ENA on the latch are fed by the same signal operator[0]
    Warning (13013): Ports ENA and CLR on the latch are fed by the same signal operator[1]
Warning (13012): Latch mux_ula:mux_1|ctrl[0] has unsafe behavior
    Warning (13013): Ports D and ENA on the latch are fed by the same signal operator[0]
    Warning (13013): Ports ENA and CLR on the latch are fed by the same signal operator[0]
Info (16010): Generating hard_block partition "hard_block:auto_generated_inst"
    Info (16011): Adding 0 node(s), including 0 DDIO, 0 PLL, 0 transceiver and 0 LCELL
Warning (21074): Design contains 1 input pin(s) that do not drive logic
    Warning (15610): No output dependent on input pin "key_0"
Info (21057): Implemented 88 device resources after synthesis - the final resource count might be different
    Info (21058): Implemented 12 input pins
    Info (21059): Implemented 8 output pins
    Info (21061): Implemented 68 logic cells
Info: Quartus II 32-bit Analysis & Synthesis was successful. 0 errors, 45 warnings
    Info: Peak virtual memory: 364 megabytes
    Info: Processing ended: Fri Nov 15 01:18:03 2019
    Info: Elapsed time: 00:00:02
    Info: Total CPU time (on all processors): 00:00:02


