Flow report for processador_programavel
Sat Nov 23 23:46:59 2019
Quartus II 32-bit Version 13.0.1 Build 232 06/12/2013 Service Pack 1 SJ Web Edition


---------------------
; Table of Contents ;
---------------------
  1. Legal Notice
  2. Flow Summary
  3. Flow Settings
  4. Flow Non-Default Global Settings
  5. Flow Elapsed Time
  6. Flow OS Summary
  7. Flow Log
  8. Flow Messages
  9. Flow Suppressed Messages



----------------
; Legal Notice ;
----------------
Copyright (C) 1991-2013 Altera Corporation
Your use of Altera Corporation's design tools, logic functions 
and other software and tools, and its AMPP partner logic 
functions, and any output files from any of the foregoing 
(including device programming or simulation files), and any 
associated documentation or information are expressly subject 
to the terms and conditions of the Altera Program License 
Subscription Agreement, Altera MegaCore Function License 
Agreement, or other applicable license agreement, including, 
without limitation, that your use is for the sole purpose of 
programming logic devices manufactured by Altera and sold by 
Altera or its authorized distributors.  Please refer to the 
applicable agreement for further details.



+--------------------------------------------------------------------------------------+
; Flow Summary                                                                         ;
+------------------------------------+-------------------------------------------------+
; Flow Status                        ; Successful - Sat Nov 23 23:46:59 2019           ;
; Quartus II 32-bit Version          ; 13.0.1 Build 232 06/12/2013 SP 1 SJ Web Edition ;
; Revision Name                      ; processador_programavel                         ;
; Top-level Entity Name              ; memoriaD                                        ;
; Family                             ; Cyclone II                                      ;
; Device                             ; EP2C35F672C6                                    ;
; Timing Models                      ; Final                                           ;
; Total logic elements               ; 4,996 / 33,216 ( 15 % )                         ;
;     Total combinational functions  ; 3,009 / 33,216 ( 9 % )                          ;
;     Dedicated logic registers      ; 4,112 / 33,216 ( 12 % )                         ;
; Total registers                    ; 4112                                            ;
; Total pins                         ; 44 / 475 ( 9 % )                                ;
; Total virtual pins                 ; 0                                               ;
; Total memory bits                  ; 0 / 483,840 ( 0 % )                             ;
; Embedded Multiplier 9-bit elements ; 0 / 70 ( 0 % )                                  ;
; Total PLLs                         ; 0 / 4 ( 0 % )                                   ;
+------------------------------------+-------------------------------------------------+


+---------------------------------------------+
; Flow Settings                               ;
+-------------------+-------------------------+
; Option            ; Setting                 ;
+-------------------+-------------------------+
; Start date & time ; 11/23/2019 23:41:34     ;
; Main task         ; Compilation             ;
; Revision Name     ; processador_programavel ;
+-------------------+-------------------------+


+--------------------------------------------------------------------------------------------------------------------------+
; Flow Non-Default Global Settings                                                                                         ;
+-------------------------------------+---------------------------+-------------------------+-------------+----------------+
; Assignment Name                     ; Value                     ; Default Value           ; Entity Name ; Section Id     ;
+-------------------------------------+---------------------------+-------------------------+-------------+----------------+
; COMPILER_SIGNATURE_ID               ; 0.157456329425236         ; --                      ; --          ; --             ;
; EDA_GENERATE_FUNCTIONAL_NETLIST     ; On                        ; --                      ; --          ; eda_simulation ;
; EDA_OUTPUT_DATA_FORMAT              ; Verilog Hdl               ; --                      ; --          ; eda_simulation ;
; EDA_SIMULATION_TOOL                 ; ModelSim-Altera (Verilog) ; <None>                  ; --          ; --             ;
; MAX_CORE_JUNCTION_TEMP              ; 85                        ; --                      ; --          ; --             ;
; MIN_CORE_JUNCTION_TEMP              ; 0                         ; --                      ; --          ; --             ;
; PARTITION_COLOR                     ; 16764057                  ; --                      ; memoriaD    ; Top            ;
; PARTITION_FITTER_PRESERVATION_LEVEL ; PLACEMENT_AND_ROUTING     ; --                      ; memoriaD    ; Top            ;
; PARTITION_NETLIST_TYPE              ; SOURCE                    ; --                      ; memoriaD    ; Top            ;
; PROJECT_OUTPUT_DIRECTORY            ; output_files              ; --                      ; --          ; --             ;
; TOP_LEVEL_ENTITY                    ; memoriaD                  ; processador_programavel ; --          ; --             ;
+-------------------------------------+---------------------------+-------------------------+-------------+----------------+


+-------------------------------------------------------------------------------------------------------------------------------+
; Flow Elapsed Time                                                                                                             ;
+---------------------------+--------------+-------------------------+---------------------+------------------------------------+
; Module Name               ; Elapsed Time ; Average Processors Used ; Peak Virtual Memory ; Total CPU Time (on all processors) ;
+---------------------------+--------------+-------------------------+---------------------+------------------------------------+
; Analysis & Synthesis      ; 00:00:14     ; 1.0                     ; 390 MB              ; 00:00:14                           ;
; Fitter                    ; 00:01:03     ; 1.0                     ; 525 MB              ; 00:01:03                           ;
; Assembler                 ; 00:00:08     ; 1.0                     ; 356 MB              ; 00:00:08                           ;
; TimeQuest Timing Analyzer ; 00:00:04     ; 1.0                     ; 348 MB              ; 00:00:04                           ;
; EDA Netlist Writer        ; 00:00:02     ; 1.0                     ; 336 MB              ; 00:00:03                           ;
; EDA Netlist Writer        ; 00:00:01     ; 1.0                     ; 343 MB              ; 00:00:01                           ;
; EDA Netlist Writer        ; 00:00:01     ; 1.0                     ; 343 MB              ; 00:00:01                           ;
; EDA Netlist Writer        ; 00:00:02     ; 1.0                     ; 343 MB              ; 00:00:02                           ;
; Total                     ; 00:01:35     ; --                      ; --                  ; 00:01:36                           ;
+---------------------------+--------------+-------------------------+---------------------+------------------------------------+


+-----------------------------------------------------------------------------------------+
; Flow OS Summary                                                                         ;
+---------------------------+------------------+------------+------------+----------------+
; Module Name               ; Machine Hostname ; OS Name    ; OS Version ; Processor type ;
+---------------------------+------------------+------------+------------+----------------+
; Analysis & Synthesis      ; Archlinux        ; Arch Linux ; Arch Linux ; x86_64         ;
; Fitter                    ; Archlinux        ; Arch Linux ; Arch Linux ; x86_64         ;
; Assembler                 ; Archlinux        ; Arch Linux ; Arch Linux ; x86_64         ;
; TimeQuest Timing Analyzer ; Archlinux        ; Arch Linux ; Arch Linux ; x86_64         ;
; EDA Netlist Writer        ; Archlinux        ; Arch Linux ; Arch Linux ; x86_64         ;
; EDA Netlist Writer        ; Archlinux        ; Arch Linux ; Arch Linux ; x86_64         ;
; EDA Netlist Writer        ; Archlinux        ; Arch Linux ; Arch Linux ; x86_64         ;
; EDA Netlist Writer        ; Archlinux        ; Arch Linux ; Arch Linux ; x86_64         ;
+---------------------------+------------------+------------+------------+----------------+


------------
; Flow Log ;
------------
quartus_map --read_settings_files=on --write_settings_files=off processador_programavel -c processador_programavel
quartus_fit --read_settings_files=off --write_settings_files=off processador_programavel -c processador_programavel
quartus_asm --read_settings_files=off --write_settings_files=off processador_programavel -c processador_programavel
quartus_sta processador_programavel -c processador_programavel
quartus_eda --read_settings_files=off --write_settings_files=off processador_programavel -c processador_programavel
quartus_eda --gen_testbench --check_outputs=on --tool=modelsim_oem --format=verilog processador_programavel -c processador_programavel --vector_source="/home/samuel/Documents/UFRN/CIRCUITOS DIGITAIS/pratica/QuartusProjects/atividades/processador_programavel/memory/memoria.vwf" --testbench_file=./simulation/qsim/processador_programavel.vt
quartus_eda --gen_testbench --check_outputs=on --tool=modelsim_oem --format=verilog processador_programavel -c processador_programavel --vector_source="/home/samuel/Documents/UFRN/CIRCUITOS DIGITAIS/pratica/QuartusProjects/atividades/processador_programavel/memory/memoria.vwf" --testbench_file=./simulation/qsim/processador_programavel.vt
quartus_eda --functional=on --simulation=on --tool=modelsim_oem --format=verilog processador_programavel -c processador_programavel



