TimeQuest Timing Analyzer report for processador_programavel
Sun Nov 24 20:56:12 2019
Quartus II 32-bit Version 13.0.1 Build 232 06/12/2013 Service Pack 1 SJ Web Edition


---------------------
; Table of Contents ;
---------------------
  1. Legal Notice
  2. TimeQuest Timing Analyzer Summary
  3. Parallel Compilation
  4. Clocks
  5. Slow Model Fmax Summary
  6. Slow Model Setup Summary
  7. Slow Model Hold Summary
  8. Slow Model Recovery Summary
  9. Slow Model Removal Summary
 10. Slow Model Minimum Pulse Width Summary
 11. Slow Model Setup: 'clock'
 12. Slow Model Hold: 'clock'
 13. Slow Model Minimum Pulse Width: 'clock'
 14. Setup Times
 15. Hold Times
 16. Clock to Output Times
 17. Minimum Clock to Output Times
 18. Propagation Delay
 19. Minimum Propagation Delay
 20. Fast Model Setup Summary
 21. Fast Model Hold Summary
 22. Fast Model Recovery Summary
 23. Fast Model Removal Summary
 24. Fast Model Minimum Pulse Width Summary
 25. Fast Model Setup: 'clock'
 26. Fast Model Hold: 'clock'
 27. Fast Model Minimum Pulse Width: 'clock'
 28. Setup Times
 29. Hold Times
 30. Clock to Output Times
 31. Minimum Clock to Output Times
 32. Propagation Delay
 33. Minimum Propagation Delay
 34. Multicorner Timing Analysis Summary
 35. Setup Times
 36. Hold Times
 37. Clock to Output Times
 38. Minimum Clock to Output Times
 39. Progagation Delay
 40. Minimum Progagation Delay
 41. Setup Transfers
 42. Hold Transfers
 43. Report TCCS
 44. Report RSKM
 45. Unconstrained Paths
 46. TimeQuest Timing Analyzer Messages



----------------
; Legal Notice ;
----------------
Copyright (C) 1991-2013 Altera Corporation
Your use of Altera Corporation's design tools, logic functions 
and other software and tools, and its AMPP partner logic 
functions, and any output files from any of the foregoing 
(including device programming or simulation files), and any 
associated documentation or information are expressly subject 
to the terms and conditions of the Altera Program License 
Subscription Agreement, Altera MegaCore Function License 
Agreement, or other applicable license agreement, including, 
without limitation, that your use is for the sole purpose of 
programming logic devices manufactured by Altera and sold by 
Altera or its authorized distributors.  Please refer to the 
applicable agreement for further details.



+----------------------------------------------------------------------------------------+
; TimeQuest Timing Analyzer Summary                                                      ;
+--------------------+-------------------------------------------------------------------+
; Quartus II Version ; Version 13.0.1 Build 232 06/12/2013 Service Pack 1 SJ Web Edition ;
; Revision Name      ; processador_programavel                                           ;
; Device Family      ; Cyclone II                                                        ;
; Device Name        ; EP2C35F672C6                                                      ;
; Timing Models      ; Final                                                             ;
; Delay Model        ; Combined                                                          ;
; Rise/Fall Delays   ; Unavailable                                                       ;
+--------------------+-------------------------------------------------------------------+


Parallel compilation was disabled, but you have multiple processors available. Enable parallel compilation to reduce compilation time.
+-------------------------------------+
; Parallel Compilation                ;
+----------------------------+--------+
; Processors                 ; Number ;
+----------------------------+--------+
; Number detected on machine ; 8      ;
; Maximum allowed            ; 1      ;
+----------------------------+--------+


+-----------------------------------------------------------------------------------------------------------------------------------------------------------------------------------+
; Clocks                                                                                                                                                                            ;
+------------+------+--------+------------+-------+-------+------------+-----------+-------------+-------+--------+-----------+------------+----------+--------+--------+-----------+
; Clock Name ; Type ; Period ; Frequency  ; Rise  ; Fall  ; Duty Cycle ; Divide by ; Multiply by ; Phase ; Offset ; Edge List ; Edge Shift ; Inverted ; Master ; Source ; Targets   ;
+------------+------+--------+------------+-------+-------+------------+-----------+-------------+-------+--------+-----------+------------+----------+--------+--------+-----------+
; clock      ; Base ; 1.000  ; 1000.0 MHz ; 0.000 ; 0.500 ;            ;           ;             ;       ;        ;           ;            ;          ;        ;        ; { clock } ;
+------------+------+--------+------------+-------+-------+------------+-----------+-------------+-------+--------+-----------+------------+----------+--------+--------+-----------+


+-----------------------------------------------------------------------------------------------------------+
; Slow Model Fmax Summary                                                                                   ;
+------------+-----------------+------------+---------------------------------------------------------------+
; Fmax       ; Restricted Fmax ; Clock Name ; Note                                                          ;
+------------+-----------------+------------+---------------------------------------------------------------+
; 780.64 MHz ; 420.17 MHz      ; clock      ; limit due to minimum period restriction (max I/O toggle rate) ;
+------------+-----------------+------------+---------------------------------------------------------------+
This panel reports FMAX for every clock in the design, regardless of the user-specified clock periods.  FMAX is only computed for paths where the source and destination registers or ports are driven by the same clock.  Paths of different clocks, including generated clocks, are ignored.  For paths between a clock and its inversion, FMAX is computed as if the rising and falling edges are scaled along with FMAX, such that the duty cycle (in terms of a percentage) is maintained. Altera recommends that you always use clock constraints and other slack reports for sign-off analysis.


+--------------------------------+
; Slow Model Setup Summary       ;
+-------+--------+---------------+
; Clock ; Slack  ; End Point TNS ;
+-------+--------+---------------+
; clock ; -0.281 ; -0.281        ;
+-------+--------+---------------+


+-------------------------------+
; Slow Model Hold Summary       ;
+-------+-------+---------------+
; Clock ; Slack ; End Point TNS ;
+-------+-------+---------------+
; clock ; 0.391 ; 0.000         ;
+-------+-------+---------------+


-------------------------------
; Slow Model Recovery Summary ;
-------------------------------
No paths to report.


------------------------------
; Slow Model Removal Summary ;
------------------------------
No paths to report.


+----------------------------------------+
; Slow Model Minimum Pulse Width Summary ;
+-------+--------+-----------------------+
; Clock ; Slack  ; End Point TNS         ;
+-------+--------+-----------------------+
; clock ; -1.380 ; -3.380                ;
+-------+--------+-----------------------+


+----------------------------------------------------------------------------------------------------------------------------------------------------------------------------------------------+
; Slow Model Setup: 'clock'                                                                                                                                                                    ;
+--------+-------------------------------------------------------+-------------------------------------------------------+--------------+-------------+--------------+------------+------------+
; Slack  ; From Node                                             ; To Node                                               ; Launch Clock ; Latch Clock ; Relationship ; Clock Skew ; Data Delay ;
+--------+-------------------------------------------------------+-------------------------------------------------------+--------------+-------------+--------------+------------+------------+
; -0.281 ; maquina_de_estados:maquina_de_estados|estado_atual[1] ; maquina_de_estados:maquina_de_estados|estado_atual[0] ; clock        ; clock       ; 1.000        ; 0.000      ; 1.317      ;
; -0.158 ; maquina_de_estados:maquina_de_estados|estado_atual[0] ; maquina_de_estados:maquina_de_estados|estado_atual[0] ; clock        ; clock       ; 1.000        ; 0.000      ; 1.194      ;
; 0.239  ; maquina_de_estados:maquina_de_estados|estado_atual[0] ; maquina_de_estados:maquina_de_estados|estado_atual[1] ; clock        ; clock       ; 1.000        ; 0.000      ; 0.797      ;
; 0.379  ; maquina_de_estados:maquina_de_estados|estado_atual[1] ; maquina_de_estados:maquina_de_estados|estado_atual[1] ; clock        ; clock       ; 1.000        ; 0.000      ; 0.657      ;
+--------+-------------------------------------------------------+-------------------------------------------------------+--------------+-------------+--------------+------------+------------+


+---------------------------------------------------------------------------------------------------------------------------------------------------------------------------------------------+
; Slow Model Hold: 'clock'                                                                                                                                                                    ;
+-------+-------------------------------------------------------+-------------------------------------------------------+--------------+-------------+--------------+------------+------------+
; Slack ; From Node                                             ; To Node                                               ; Launch Clock ; Latch Clock ; Relationship ; Clock Skew ; Data Delay ;
+-------+-------------------------------------------------------+-------------------------------------------------------+--------------+-------------+--------------+------------+------------+
; 0.391 ; maquina_de_estados:maquina_de_estados|estado_atual[1] ; maquina_de_estados:maquina_de_estados|estado_atual[1] ; clock        ; clock       ; 0.000        ; 0.000      ; 0.657      ;
; 0.531 ; maquina_de_estados:maquina_de_estados|estado_atual[0] ; maquina_de_estados:maquina_de_estados|estado_atual[1] ; clock        ; clock       ; 0.000        ; 0.000      ; 0.797      ;
; 0.928 ; maquina_de_estados:maquina_de_estados|estado_atual[0] ; maquina_de_estados:maquina_de_estados|estado_atual[0] ; clock        ; clock       ; 0.000        ; 0.000      ; 1.194      ;
; 1.051 ; maquina_de_estados:maquina_de_estados|estado_atual[1] ; maquina_de_estados:maquina_de_estados|estado_atual[0] ; clock        ; clock       ; 0.000        ; 0.000      ; 1.317      ;
+-------+-------------------------------------------------------+-------------------------------------------------------+--------------+-------------+--------------+------------+------------+


+----------------------------------------------------------------------------------------------------------------------------------------+
; Slow Model Minimum Pulse Width: 'clock'                                                                                                ;
+--------+--------------+----------------+------------------+-------+------------+-------------------------------------------------------+
; Slack  ; Actual Width ; Required Width ; Type             ; Clock ; Clock Edge ; Target                                                ;
+--------+--------------+----------------+------------------+-------+------------+-------------------------------------------------------+
; -1.380 ; 1.000        ; 2.380          ; Port Rate        ; clock ; Rise       ; clock                                                 ;
; -0.500 ; 0.500        ; 1.000          ; High Pulse Width ; clock ; Rise       ; maquina_de_estados:maquina_de_estados|estado_atual[0] ;
; -0.500 ; 0.500        ; 1.000          ; Low Pulse Width  ; clock ; Rise       ; maquina_de_estados:maquina_de_estados|estado_atual[0] ;
; -0.500 ; 0.500        ; 1.000          ; High Pulse Width ; clock ; Rise       ; maquina_de_estados:maquina_de_estados|estado_atual[1] ;
; -0.500 ; 0.500        ; 1.000          ; Low Pulse Width  ; clock ; Rise       ; maquina_de_estados:maquina_de_estados|estado_atual[1] ;
; 0.500  ; 0.500        ; 0.000          ; High Pulse Width ; clock ; Rise       ; clock|combout                                         ;
; 0.500  ; 0.500        ; 0.000          ; Low Pulse Width  ; clock ; Rise       ; clock|combout                                         ;
; 0.500  ; 0.500        ; 0.000          ; High Pulse Width ; clock ; Rise       ; clock~clkctrl|inclk[0]                                ;
; 0.500  ; 0.500        ; 0.000          ; Low Pulse Width  ; clock ; Rise       ; clock~clkctrl|inclk[0]                                ;
; 0.500  ; 0.500        ; 0.000          ; High Pulse Width ; clock ; Rise       ; clock~clkctrl|outclk                                  ;
; 0.500  ; 0.500        ; 0.000          ; Low Pulse Width  ; clock ; Rise       ; clock~clkctrl|outclk                                  ;
; 0.500  ; 0.500        ; 0.000          ; High Pulse Width ; clock ; Rise       ; maquina_de_estados|estado_atual[0]|clk                ;
; 0.500  ; 0.500        ; 0.000          ; Low Pulse Width  ; clock ; Rise       ; maquina_de_estados|estado_atual[0]|clk                ;
; 0.500  ; 0.500        ; 0.000          ; High Pulse Width ; clock ; Rise       ; maquina_de_estados|estado_atual[1]|clk                ;
; 0.500  ; 0.500        ; 0.000          ; Low Pulse Width  ; clock ; Rise       ; maquina_de_estados|estado_atual[1]|clk                ;
+--------+--------------+----------------+------------------+-------+------------+-------------------------------------------------------+


+------------------------------------------------------------------------------+
; Setup Times                                                                  ;
+------------------+------------+-------+-------+------------+-----------------+
; Data Port        ; Clock Port ; Rise  ; Fall  ; Clock Edge ; Clock Reference ;
+------------------+------------+-------+-------+------------+-----------------+
; saida_comparador ; clock      ; 3.159 ; 3.159 ; Rise       ; clock           ;
+------------------+------------+-------+-------+------------+-----------------+


+--------------------------------------------------------------------------------+
; Hold Times                                                                     ;
+------------------+------------+--------+--------+------------+-----------------+
; Data Port        ; Clock Port ; Rise   ; Fall   ; Clock Edge ; Clock Reference ;
+------------------+------------+--------+--------+------------+-----------------+
; saida_comparador ; clock      ; -2.929 ; -2.929 ; Rise       ; clock           ;
+------------------+------------+--------+--------+------------+-----------------+


+----------------------------------------------------------------------------------------------+
; Clock to Output Times                                                                        ;
+----------------------------------+------------+-------+-------+------------+-----------------+
; Data Port                        ; Clock Port ; Rise  ; Fall  ; Clock Edge ; Clock Reference ;
+----------------------------------+------------+-------+-------+------------+-----------------+
; escrever_contador_de_programa    ; clock      ; 7.108 ; 7.108 ; Rise       ; clock           ;
; estado_atual[*]                  ; clock      ; 6.124 ; 6.124 ; Rise       ; clock           ;
;  estado_atual[0]                 ; clock      ; 6.076 ; 6.076 ; Rise       ; clock           ;
;  estado_atual[1]                 ; clock      ; 6.124 ; 6.124 ; Rise       ; clock           ;
; incrementar_contador_de_programa ; clock      ; 6.864 ; 6.864 ; Rise       ; clock           ;
; ler_memoria_de_instrucoes        ; clock      ; 6.874 ; 6.874 ; Rise       ; clock           ;
; ler_registrador_de_instrucao     ; clock      ; 6.894 ; 6.894 ; Rise       ; clock           ;
; limpar_contador_de_programa      ; clock      ; 7.153 ; 7.153 ; Rise       ; clock           ;
+----------------------------------+------------+-------+-------+------------+-----------------+


+----------------------------------------------------------------------------------------------+
; Minimum Clock to Output Times                                                                ;
+----------------------------------+------------+-------+-------+------------+-----------------+
; Data Port                        ; Clock Port ; Rise  ; Fall  ; Clock Edge ; Clock Reference ;
+----------------------------------+------------+-------+-------+------------+-----------------+
; escrever_contador_de_programa    ; clock      ; 6.780 ; 6.780 ; Rise       ; clock           ;
; estado_atual[*]                  ; clock      ; 6.076 ; 6.076 ; Rise       ; clock           ;
;  estado_atual[0]                 ; clock      ; 6.076 ; 6.076 ; Rise       ; clock           ;
;  estado_atual[1]                 ; clock      ; 6.124 ; 6.124 ; Rise       ; clock           ;
; incrementar_contador_de_programa ; clock      ; 6.741 ; 6.741 ; Rise       ; clock           ;
; ler_memoria_de_instrucoes        ; clock      ; 6.751 ; 6.751 ; Rise       ; clock           ;
; ler_registrador_de_instrucao     ; clock      ; 6.771 ; 6.771 ; Rise       ; clock           ;
; limpar_contador_de_programa      ; clock      ; 6.799 ; 6.799 ; Rise       ; clock           ;
+----------------------------------+------------+-------+-------+------------+-----------------+


+------------------------------------------------------------------------------------------------------------+
; Propagation Delay                                                                                          ;
+------------------------------------+-----------------------------------+--------+--------+--------+--------+
; Input Port                         ; Output Port                       ; RR     ; RF     ; FR     ; FF     ;
+------------------------------------+-----------------------------------+--------+--------+--------+--------+
; saida_registrador_de_instrucao[0]  ; constante[0]                      ; 8.853  ;        ;        ; 8.853  ;
; saida_registrador_de_instrucao[0]  ; endereco_memoria_de_dados[0]      ; 8.863  ;        ;        ; 8.863  ;
; saida_registrador_de_instrucao[0]  ; endereco_para_escrita_no_banco[0] ; 9.290  ;        ;        ; 9.290  ;
; saida_registrador_de_instrucao[1]  ; constante[1]                      ; 8.164  ;        ;        ; 8.164  ;
; saida_registrador_de_instrucao[1]  ; endereco_memoria_de_dados[1]      ; 8.291  ;        ;        ; 8.291  ;
; saida_registrador_de_instrucao[1]  ; endereco_para_escrita_no_banco[1] ; 9.021  ;        ;        ; 9.021  ;
; saida_registrador_de_instrucao[2]  ; constante[2]                      ; 8.891  ;        ;        ; 8.891  ;
; saida_registrador_de_instrucao[2]  ; endereco_memoria_de_dados[2]      ; 8.891  ;        ;        ; 8.891  ;
; saida_registrador_de_instrucao[2]  ; endereco_para_escrita_no_banco[2] ; 9.306  ;        ;        ; 9.306  ;
; saida_registrador_de_instrucao[3]  ; constante[3]                      ; 8.989  ;        ;        ; 8.989  ;
; saida_registrador_de_instrucao[3]  ; endereco_memoria_de_dados[3]      ; 8.888  ;        ;        ; 8.888  ;
; saida_registrador_de_instrucao[3]  ; endereco_para_escrita_no_banco[3] ; 9.486  ;        ;        ; 9.486  ;
; saida_registrador_de_instrucao[4]  ; constante[4]                      ; 8.901  ;        ;        ; 8.901  ;
; saida_registrador_de_instrucao[4]  ; endereco_2_para_leitura_banco[0]  ; 8.911  ;        ;        ; 8.911  ;
; saida_registrador_de_instrucao[4]  ; endereco_memoria_de_dados[4]      ; 8.890  ;        ;        ; 8.890  ;
; saida_registrador_de_instrucao[5]  ; constante[5]                      ; 7.976  ;        ;        ; 7.976  ;
; saida_registrador_de_instrucao[5]  ; endereco_2_para_leitura_banco[1]  ; 7.996  ;        ;        ; 7.996  ;
; saida_registrador_de_instrucao[5]  ; endereco_memoria_de_dados[5]      ; 7.996  ;        ;        ; 7.996  ;
; saida_registrador_de_instrucao[6]  ; constante[6]                      ; 8.876  ;        ;        ; 8.876  ;
; saida_registrador_de_instrucao[6]  ; endereco_2_para_leitura_banco[2]  ; 8.876  ;        ;        ; 8.876  ;
; saida_registrador_de_instrucao[6]  ; endereco_memoria_de_dados[6]      ; 8.856  ;        ;        ; 8.856  ;
; saida_registrador_de_instrucao[7]  ; constante[7]                      ; 8.657  ;        ;        ; 8.657  ;
; saida_registrador_de_instrucao[7]  ; endereco_2_para_leitura_banco[3]  ; 8.657  ;        ;        ; 8.657  ;
; saida_registrador_de_instrucao[7]  ; endereco_memoria_de_dados[7]      ; 8.667  ;        ;        ; 8.667  ;
; saida_registrador_de_instrucao[8]  ; endereco_1_para_leitura_banco[0]  ; 8.872  ;        ;        ; 8.872  ;
; saida_registrador_de_instrucao[8]  ; endereco_para_escrita_no_banco[0] ; 9.224  ;        ;        ; 9.224  ;
; saida_registrador_de_instrucao[9]  ; endereco_1_para_leitura_banco[1]  ; 8.183  ;        ;        ; 8.183  ;
; saida_registrador_de_instrucao[9]  ; endereco_para_escrita_no_banco[1] ; 8.853  ;        ;        ; 8.853  ;
; saida_registrador_de_instrucao[10] ; endereco_1_para_leitura_banco[2]  ; 7.965  ;        ;        ; 7.965  ;
; saida_registrador_de_instrucao[10] ; endereco_para_escrita_no_banco[2] ; 9.186  ;        ;        ; 9.186  ;
; saida_registrador_de_instrucao[11] ; endereco_1_para_leitura_banco[3]  ; 7.977  ;        ;        ; 7.977  ;
; saida_registrador_de_instrucao[11] ; endereco_para_escrita_no_banco[3] ; 9.003  ;        ;        ; 9.003  ;
; saida_registrador_de_instrucao[12] ; endereco_para_escrita_no_banco[0] ; 9.885  ; 9.885  ; 9.885  ; 9.885  ;
; saida_registrador_de_instrucao[12] ; endereco_para_escrita_no_banco[1] ; 9.886  ; 9.886  ; 9.886  ; 9.886  ;
; saida_registrador_de_instrucao[12] ; endereco_para_escrita_no_banco[2] ; 9.878  ; 9.878  ; 9.878  ; 9.878  ;
; saida_registrador_de_instrucao[12] ; endereco_para_escrita_no_banco[3] ; 9.859  ; 9.859  ; 9.859  ; 9.859  ;
; saida_registrador_de_instrucao[12] ; escrever_memoria_de_dados         ; 9.018  ;        ;        ; 9.018  ;
; saida_registrador_de_instrucao[12] ; escrever_no_banco                 ;        ; 9.279  ; 9.279  ;        ;
; saida_registrador_de_instrucao[12] ; habilitar_leitura_no_banco[0]     ; 9.271  ; 9.271  ; 9.271  ; 9.271  ;
; saida_registrador_de_instrucao[12] ; habilitar_leitura_no_banco[1]     ;        ; 9.325  ; 9.325  ;        ;
; saida_registrador_de_instrucao[12] ; ler_memoria_de_dados              ;        ; 9.160  ; 9.160  ;        ;
; saida_registrador_de_instrucao[12] ; seletor_ALU[0]                    ;        ; 9.006  ; 9.006  ;        ;
; saida_registrador_de_instrucao[12] ; seletor_ALU[1]                    ;        ; 9.161  ; 9.161  ;        ;
; saida_registrador_de_instrucao[12] ; seletor_mux[0]                    ; 9.271  ;        ;        ; 9.271  ;
; saida_registrador_de_instrucao[12] ; seletor_mux[1]                    ; 8.981  ;        ;        ; 8.981  ;
; saida_registrador_de_instrucao[13] ; endereco_para_escrita_no_banco[0] ; 9.989  ; 9.989  ; 9.989  ; 9.989  ;
; saida_registrador_de_instrucao[13] ; endereco_para_escrita_no_banco[1] ; 9.990  ; 9.990  ; 9.990  ; 9.990  ;
; saida_registrador_de_instrucao[13] ; endereco_para_escrita_no_banco[2] ; 9.982  ; 9.982  ; 9.982  ; 9.982  ;
; saida_registrador_de_instrucao[13] ; endereco_para_escrita_no_banco[3] ; 9.963  ; 9.963  ; 9.963  ; 9.963  ;
; saida_registrador_de_instrucao[13] ; escrever_memoria_de_dados         ;        ; 9.116  ; 9.116  ;        ;
; saida_registrador_de_instrucao[13] ; escrever_no_banco                 ; 9.373  ; 9.373  ; 9.373  ; 9.373  ;
; saida_registrador_de_instrucao[13] ; habilitar_leitura_no_banco[0]     ; 9.373  ; 9.373  ; 9.373  ; 9.373  ;
; saida_registrador_de_instrucao[13] ; habilitar_leitura_no_banco[1]     ; 9.429  ; 9.429  ; 9.429  ; 9.429  ;
; saida_registrador_de_instrucao[13] ; ler_memoria_de_dados              ;        ; 9.223  ; 9.223  ;        ;
; saida_registrador_de_instrucao[13] ; seletor_ALU[0]                    ; 9.107  ;        ;        ; 9.107  ;
; saida_registrador_de_instrucao[13] ; seletor_ALU[1]                    ;        ; 9.267  ; 9.267  ;        ;
; saida_registrador_de_instrucao[13] ; seletor_mux[0]                    ; 9.369  ; 9.369  ; 9.369  ; 9.369  ;
; saida_registrador_de_instrucao[13] ; seletor_mux[1]                    ; 9.070  ;        ;        ; 9.070  ;
; saida_registrador_de_instrucao[14] ; endereco_para_escrita_no_banco[0] ; 10.180 ; 10.180 ; 10.180 ; 10.180 ;
; saida_registrador_de_instrucao[14] ; endereco_para_escrita_no_banco[1] ; 10.181 ; 10.181 ; 10.181 ; 10.181 ;
; saida_registrador_de_instrucao[14] ; endereco_para_escrita_no_banco[2] ; 10.173 ; 10.173 ; 10.173 ; 10.173 ;
; saida_registrador_de_instrucao[14] ; endereco_para_escrita_no_banco[3] ; 10.154 ; 10.154 ; 10.154 ; 10.154 ;
; saida_registrador_de_instrucao[14] ; escrever_memoria_de_dados         ;        ; 9.274  ; 9.274  ;        ;
; saida_registrador_de_instrucao[14] ; escrever_no_banco                 ;        ; 9.575  ; 9.575  ;        ;
; saida_registrador_de_instrucao[14] ; habilitar_leitura_no_banco[0]     ; 9.566  ; 9.566  ; 9.566  ; 9.566  ;
; saida_registrador_de_instrucao[14] ; habilitar_leitura_no_banco[1]     ; 9.620  ; 9.620  ; 9.620  ; 9.620  ;
; saida_registrador_de_instrucao[14] ; ler_memoria_de_dados              ;        ; 9.457  ; 9.457  ;        ;
; saida_registrador_de_instrucao[14] ; seletor_ALU[0]                    ;        ; 9.261  ; 9.261  ;        ;
; saida_registrador_de_instrucao[14] ; seletor_ALU[1]                    ; 9.456  ;        ;        ; 9.456  ;
; saida_registrador_de_instrucao[14] ; seletor_mux[0]                    ; 9.566  ; 9.566  ; 9.566  ; 9.566  ;
; saida_registrador_de_instrucao[14] ; seletor_mux[1]                    ; 9.277  ;        ;        ; 9.277  ;
; saida_registrador_de_instrucao[15] ; endereco_para_escrita_no_banco[0] ; 9.785  ; 9.785  ; 9.785  ; 9.785  ;
; saida_registrador_de_instrucao[15] ; endereco_para_escrita_no_banco[1] ; 9.786  ; 9.786  ; 9.786  ; 9.786  ;
; saida_registrador_de_instrucao[15] ; endereco_para_escrita_no_banco[2] ; 9.778  ; 9.778  ; 9.778  ; 9.778  ;
; saida_registrador_de_instrucao[15] ; endereco_para_escrita_no_banco[3] ; 9.759  ; 9.759  ; 9.759  ; 9.759  ;
; saida_registrador_de_instrucao[15] ; escrever_memoria_de_dados         ;        ; 8.914  ; 8.914  ;        ;
; saida_registrador_de_instrucao[15] ; escrever_no_banco                 ;        ; 9.180  ; 9.180  ;        ;
; saida_registrador_de_instrucao[15] ; habilitar_leitura_no_banco[0]     ;        ; 9.172  ; 9.172  ;        ;
; saida_registrador_de_instrucao[15] ; habilitar_leitura_no_banco[1]     ;        ; 9.225  ; 9.225  ;        ;
; saida_registrador_de_instrucao[15] ; ler_memoria_de_dados              ;        ; 9.107  ; 9.107  ;        ;
; saida_registrador_de_instrucao[15] ; seletor_ALU[0]                    ;        ; 8.901  ; 8.901  ;        ;
; saida_registrador_de_instrucao[15] ; seletor_ALU[1]                    ;        ; 9.063  ; 9.063  ;        ;
; saida_registrador_de_instrucao[15] ; seletor_mux[0]                    ; 9.216  ;        ;        ; 9.216  ;
; saida_registrador_de_instrucao[15] ; seletor_mux[1]                    ; 8.925  ;        ;        ; 8.925  ;
+------------------------------------+-----------------------------------+--------+--------+--------+--------+


+------------------------------------------------------------------------------------------------------------+
; Minimum Propagation Delay                                                                                  ;
+------------------------------------+-----------------------------------+--------+--------+--------+--------+
; Input Port                         ; Output Port                       ; RR     ; RF     ; FR     ; FF     ;
+------------------------------------+-----------------------------------+--------+--------+--------+--------+
; saida_registrador_de_instrucao[0]  ; constante[0]                      ; 8.853  ;        ;        ; 8.853  ;
; saida_registrador_de_instrucao[0]  ; endereco_memoria_de_dados[0]      ; 8.863  ;        ;        ; 8.863  ;
; saida_registrador_de_instrucao[0]  ; endereco_para_escrita_no_banco[0] ; 9.290  ;        ;        ; 9.290  ;
; saida_registrador_de_instrucao[1]  ; constante[1]                      ; 8.164  ;        ;        ; 8.164  ;
; saida_registrador_de_instrucao[1]  ; endereco_memoria_de_dados[1]      ; 8.291  ;        ;        ; 8.291  ;
; saida_registrador_de_instrucao[1]  ; endereco_para_escrita_no_banco[1] ; 9.021  ;        ;        ; 9.021  ;
; saida_registrador_de_instrucao[2]  ; constante[2]                      ; 8.891  ;        ;        ; 8.891  ;
; saida_registrador_de_instrucao[2]  ; endereco_memoria_de_dados[2]      ; 8.891  ;        ;        ; 8.891  ;
; saida_registrador_de_instrucao[2]  ; endereco_para_escrita_no_banco[2] ; 9.306  ;        ;        ; 9.306  ;
; saida_registrador_de_instrucao[3]  ; constante[3]                      ; 8.989  ;        ;        ; 8.989  ;
; saida_registrador_de_instrucao[3]  ; endereco_memoria_de_dados[3]      ; 8.888  ;        ;        ; 8.888  ;
; saida_registrador_de_instrucao[3]  ; endereco_para_escrita_no_banco[3] ; 9.486  ;        ;        ; 9.486  ;
; saida_registrador_de_instrucao[4]  ; constante[4]                      ; 8.901  ;        ;        ; 8.901  ;
; saida_registrador_de_instrucao[4]  ; endereco_2_para_leitura_banco[0]  ; 8.911  ;        ;        ; 8.911  ;
; saida_registrador_de_instrucao[4]  ; endereco_memoria_de_dados[4]      ; 8.890  ;        ;        ; 8.890  ;
; saida_registrador_de_instrucao[5]  ; constante[5]                      ; 7.976  ;        ;        ; 7.976  ;
; saida_registrador_de_instrucao[5]  ; endereco_2_para_leitura_banco[1]  ; 7.996  ;        ;        ; 7.996  ;
; saida_registrador_de_instrucao[5]  ; endereco_memoria_de_dados[5]      ; 7.996  ;        ;        ; 7.996  ;
; saida_registrador_de_instrucao[6]  ; constante[6]                      ; 8.876  ;        ;        ; 8.876  ;
; saida_registrador_de_instrucao[6]  ; endereco_2_para_leitura_banco[2]  ; 8.876  ;        ;        ; 8.876  ;
; saida_registrador_de_instrucao[6]  ; endereco_memoria_de_dados[6]      ; 8.856  ;        ;        ; 8.856  ;
; saida_registrador_de_instrucao[7]  ; constante[7]                      ; 8.657  ;        ;        ; 8.657  ;
; saida_registrador_de_instrucao[7]  ; endereco_2_para_leitura_banco[3]  ; 8.657  ;        ;        ; 8.657  ;
; saida_registrador_de_instrucao[7]  ; endereco_memoria_de_dados[7]      ; 8.667  ;        ;        ; 8.667  ;
; saida_registrador_de_instrucao[8]  ; endereco_1_para_leitura_banco[0]  ; 8.872  ;        ;        ; 8.872  ;
; saida_registrador_de_instrucao[8]  ; endereco_para_escrita_no_banco[0] ; 9.224  ;        ;        ; 9.224  ;
; saida_registrador_de_instrucao[9]  ; endereco_1_para_leitura_banco[1]  ; 8.183  ;        ;        ; 8.183  ;
; saida_registrador_de_instrucao[9]  ; endereco_para_escrita_no_banco[1] ; 8.853  ;        ;        ; 8.853  ;
; saida_registrador_de_instrucao[10] ; endereco_1_para_leitura_banco[2]  ; 7.965  ;        ;        ; 7.965  ;
; saida_registrador_de_instrucao[10] ; endereco_para_escrita_no_banco[2] ; 9.186  ;        ;        ; 9.186  ;
; saida_registrador_de_instrucao[11] ; endereco_1_para_leitura_banco[3]  ; 7.977  ;        ;        ; 7.977  ;
; saida_registrador_de_instrucao[11] ; endereco_para_escrita_no_banco[3] ; 9.003  ;        ;        ; 9.003  ;
; saida_registrador_de_instrucao[12] ; endereco_para_escrita_no_banco[0] ; 9.885  ; 9.885  ; 9.885  ; 9.885  ;
; saida_registrador_de_instrucao[12] ; endereco_para_escrita_no_banco[1] ; 9.886  ; 9.886  ; 9.886  ; 9.886  ;
; saida_registrador_de_instrucao[12] ; endereco_para_escrita_no_banco[2] ; 9.878  ; 9.878  ; 9.878  ; 9.878  ;
; saida_registrador_de_instrucao[12] ; endereco_para_escrita_no_banco[3] ; 9.859  ; 9.859  ; 9.859  ; 9.859  ;
; saida_registrador_de_instrucao[12] ; escrever_memoria_de_dados         ; 9.018  ;        ;        ; 9.018  ;
; saida_registrador_de_instrucao[12] ; escrever_no_banco                 ;        ; 9.279  ; 9.279  ;        ;
; saida_registrador_de_instrucao[12] ; habilitar_leitura_no_banco[0]     ; 9.271  ; 9.271  ; 9.271  ; 9.271  ;
; saida_registrador_de_instrucao[12] ; habilitar_leitura_no_banco[1]     ;        ; 9.325  ; 9.325  ;        ;
; saida_registrador_de_instrucao[12] ; ler_memoria_de_dados              ;        ; 9.160  ; 9.160  ;        ;
; saida_registrador_de_instrucao[12] ; seletor_ALU[0]                    ;        ; 9.006  ; 9.006  ;        ;
; saida_registrador_de_instrucao[12] ; seletor_ALU[1]                    ;        ; 9.161  ; 9.161  ;        ;
; saida_registrador_de_instrucao[12] ; seletor_mux[0]                    ; 9.271  ;        ;        ; 9.271  ;
; saida_registrador_de_instrucao[12] ; seletor_mux[1]                    ; 8.981  ;        ;        ; 8.981  ;
; saida_registrador_de_instrucao[13] ; endereco_para_escrita_no_banco[0] ; 9.989  ; 9.989  ; 9.989  ; 9.989  ;
; saida_registrador_de_instrucao[13] ; endereco_para_escrita_no_banco[1] ; 9.990  ; 9.990  ; 9.990  ; 9.990  ;
; saida_registrador_de_instrucao[13] ; endereco_para_escrita_no_banco[2] ; 9.982  ; 9.982  ; 9.982  ; 9.982  ;
; saida_registrador_de_instrucao[13] ; endereco_para_escrita_no_banco[3] ; 9.963  ; 9.963  ; 9.963  ; 9.963  ;
; saida_registrador_de_instrucao[13] ; escrever_memoria_de_dados         ;        ; 9.116  ; 9.116  ;        ;
; saida_registrador_de_instrucao[13] ; escrever_no_banco                 ; 9.373  ; 9.373  ; 9.373  ; 9.373  ;
; saida_registrador_de_instrucao[13] ; habilitar_leitura_no_banco[0]     ; 9.373  ; 9.373  ; 9.373  ; 9.373  ;
; saida_registrador_de_instrucao[13] ; habilitar_leitura_no_banco[1]     ; 9.429  ; 9.429  ; 9.429  ; 9.429  ;
; saida_registrador_de_instrucao[13] ; ler_memoria_de_dados              ;        ; 9.223  ; 9.223  ;        ;
; saida_registrador_de_instrucao[13] ; seletor_ALU[0]                    ; 9.107  ;        ;        ; 9.107  ;
; saida_registrador_de_instrucao[13] ; seletor_ALU[1]                    ;        ; 9.267  ; 9.267  ;        ;
; saida_registrador_de_instrucao[13] ; seletor_mux[0]                    ; 9.369  ; 9.369  ; 9.369  ; 9.369  ;
; saida_registrador_de_instrucao[13] ; seletor_mux[1]                    ; 9.070  ;        ;        ; 9.070  ;
; saida_registrador_de_instrucao[14] ; endereco_para_escrita_no_banco[0] ; 10.180 ; 10.180 ; 10.180 ; 10.180 ;
; saida_registrador_de_instrucao[14] ; endereco_para_escrita_no_banco[1] ; 10.181 ; 10.181 ; 10.181 ; 10.181 ;
; saida_registrador_de_instrucao[14] ; endereco_para_escrita_no_banco[2] ; 10.173 ; 10.173 ; 10.173 ; 10.173 ;
; saida_registrador_de_instrucao[14] ; endereco_para_escrita_no_banco[3] ; 10.154 ; 10.154 ; 10.154 ; 10.154 ;
; saida_registrador_de_instrucao[14] ; escrever_memoria_de_dados         ;        ; 9.274  ; 9.274  ;        ;
; saida_registrador_de_instrucao[14] ; escrever_no_banco                 ;        ; 9.575  ; 9.575  ;        ;
; saida_registrador_de_instrucao[14] ; habilitar_leitura_no_banco[0]     ; 9.566  ; 9.566  ; 9.566  ; 9.566  ;
; saida_registrador_de_instrucao[14] ; habilitar_leitura_no_banco[1]     ; 9.620  ; 9.620  ; 9.620  ; 9.620  ;
; saida_registrador_de_instrucao[14] ; ler_memoria_de_dados              ;        ; 9.457  ; 9.457  ;        ;
; saida_registrador_de_instrucao[14] ; seletor_ALU[0]                    ;        ; 9.261  ; 9.261  ;        ;
; saida_registrador_de_instrucao[14] ; seletor_ALU[1]                    ; 9.456  ;        ;        ; 9.456  ;
; saida_registrador_de_instrucao[14] ; seletor_mux[0]                    ; 9.566  ; 9.566  ; 9.566  ; 9.566  ;
; saida_registrador_de_instrucao[14] ; seletor_mux[1]                    ; 9.277  ;        ;        ; 9.277  ;
; saida_registrador_de_instrucao[15] ; endereco_para_escrita_no_banco[0] ; 9.785  ; 9.785  ; 9.785  ; 9.785  ;
; saida_registrador_de_instrucao[15] ; endereco_para_escrita_no_banco[1] ; 9.786  ; 9.786  ; 9.786  ; 9.786  ;
; saida_registrador_de_instrucao[15] ; endereco_para_escrita_no_banco[2] ; 9.778  ; 9.778  ; 9.778  ; 9.778  ;
; saida_registrador_de_instrucao[15] ; endereco_para_escrita_no_banco[3] ; 9.759  ; 9.759  ; 9.759  ; 9.759  ;
; saida_registrador_de_instrucao[15] ; escrever_memoria_de_dados         ;        ; 8.914  ; 8.914  ;        ;
; saida_registrador_de_instrucao[15] ; escrever_no_banco                 ;        ; 9.180  ; 9.180  ;        ;
; saida_registrador_de_instrucao[15] ; habilitar_leitura_no_banco[0]     ;        ; 9.172  ; 9.172  ;        ;
; saida_registrador_de_instrucao[15] ; habilitar_leitura_no_banco[1]     ;        ; 9.225  ; 9.225  ;        ;
; saida_registrador_de_instrucao[15] ; ler_memoria_de_dados              ;        ; 9.107  ; 9.107  ;        ;
; saida_registrador_de_instrucao[15] ; seletor_ALU[0]                    ;        ; 8.901  ; 8.901  ;        ;
; saida_registrador_de_instrucao[15] ; seletor_ALU[1]                    ;        ; 9.063  ; 9.063  ;        ;
; saida_registrador_de_instrucao[15] ; seletor_mux[0]                    ; 9.216  ;        ;        ; 9.216  ;
; saida_registrador_de_instrucao[15] ; seletor_mux[1]                    ; 8.925  ;        ;        ; 8.925  ;
+------------------------------------+-----------------------------------+--------+--------+--------+--------+


+-------------------------------+
; Fast Model Setup Summary      ;
+-------+-------+---------------+
; Clock ; Slack ; End Point TNS ;
+-------+-------+---------------+
; clock ; 0.409 ; 0.000         ;
+-------+-------+---------------+


+-------------------------------+
; Fast Model Hold Summary       ;
+-------+-------+---------------+
; Clock ; Slack ; End Point TNS ;
+-------+-------+---------------+
; clock ; 0.215 ; 0.000         ;
+-------+-------+---------------+


-------------------------------
; Fast Model Recovery Summary ;
-------------------------------
No paths to report.


------------------------------
; Fast Model Removal Summary ;
------------------------------
No paths to report.


+----------------------------------------+
; Fast Model Minimum Pulse Width Summary ;
+-------+--------+-----------------------+
; Clock ; Slack  ; End Point TNS         ;
+-------+--------+-----------------------+
; clock ; -1.380 ; -3.380                ;
+-------+--------+-----------------------+


+---------------------------------------------------------------------------------------------------------------------------------------------------------------------------------------------+
; Fast Model Setup: 'clock'                                                                                                                                                                   ;
+-------+-------------------------------------------------------+-------------------------------------------------------+--------------+-------------+--------------+------------+------------+
; Slack ; From Node                                             ; To Node                                               ; Launch Clock ; Latch Clock ; Relationship ; Clock Skew ; Data Delay ;
+-------+-------------------------------------------------------+-------------------------------------------------------+--------------+-------------+--------------+------------+------------+
; 0.409 ; maquina_de_estados:maquina_de_estados|estado_atual[1] ; maquina_de_estados:maquina_de_estados|estado_atual[0] ; clock        ; clock       ; 1.000        ; 0.000      ; 0.623      ;
; 0.453 ; maquina_de_estados:maquina_de_estados|estado_atual[0] ; maquina_de_estados:maquina_de_estados|estado_atual[0] ; clock        ; clock       ; 1.000        ; 0.000      ; 0.579      ;
; 0.636 ; maquina_de_estados:maquina_de_estados|estado_atual[0] ; maquina_de_estados:maquina_de_estados|estado_atual[1] ; clock        ; clock       ; 1.000        ; 0.000      ; 0.396      ;
; 0.665 ; maquina_de_estados:maquina_de_estados|estado_atual[1] ; maquina_de_estados:maquina_de_estados|estado_atual[1] ; clock        ; clock       ; 1.000        ; 0.000      ; 0.367      ;
+-------+-------------------------------------------------------+-------------------------------------------------------+--------------+-------------+--------------+------------+------------+


+---------------------------------------------------------------------------------------------------------------------------------------------------------------------------------------------+
; Fast Model Hold: 'clock'                                                                                                                                                                    ;
+-------+-------------------------------------------------------+-------------------------------------------------------+--------------+-------------+--------------+------------+------------+
; Slack ; From Node                                             ; To Node                                               ; Launch Clock ; Latch Clock ; Relationship ; Clock Skew ; Data Delay ;
+-------+-------------------------------------------------------+-------------------------------------------------------+--------------+-------------+--------------+------------+------------+
; 0.215 ; maquina_de_estados:maquina_de_estados|estado_atual[1] ; maquina_de_estados:maquina_de_estados|estado_atual[1] ; clock        ; clock       ; 0.000        ; 0.000      ; 0.367      ;
; 0.244 ; maquina_de_estados:maquina_de_estados|estado_atual[0] ; maquina_de_estados:maquina_de_estados|estado_atual[1] ; clock        ; clock       ; 0.000        ; 0.000      ; 0.396      ;
; 0.427 ; maquina_de_estados:maquina_de_estados|estado_atual[0] ; maquina_de_estados:maquina_de_estados|estado_atual[0] ; clock        ; clock       ; 0.000        ; 0.000      ; 0.579      ;
; 0.471 ; maquina_de_estados:maquina_de_estados|estado_atual[1] ; maquina_de_estados:maquina_de_estados|estado_atual[0] ; clock        ; clock       ; 0.000        ; 0.000      ; 0.623      ;
+-------+-------------------------------------------------------+-------------------------------------------------------+--------------+-------------+--------------+------------+------------+


+----------------------------------------------------------------------------------------------------------------------------------------+
; Fast Model Minimum Pulse Width: 'clock'                                                                                                ;
+--------+--------------+----------------+------------------+-------+------------+-------------------------------------------------------+
; Slack  ; Actual Width ; Required Width ; Type             ; Clock ; Clock Edge ; Target                                                ;
+--------+--------------+----------------+------------------+-------+------------+-------------------------------------------------------+
; -1.380 ; 1.000        ; 2.380          ; Port Rate        ; clock ; Rise       ; clock                                                 ;
; -0.500 ; 0.500        ; 1.000          ; High Pulse Width ; clock ; Rise       ; maquina_de_estados:maquina_de_estados|estado_atual[0] ;
; -0.500 ; 0.500        ; 1.000          ; Low Pulse Width  ; clock ; Rise       ; maquina_de_estados:maquina_de_estados|estado_atual[0] ;
; -0.500 ; 0.500        ; 1.000          ; High Pulse Width ; clock ; Rise       ; maquina_de_estados:maquina_de_estados|estado_atual[1] ;
; -0.500 ; 0.500        ; 1.000          ; Low Pulse Width  ; clock ; Rise       ; maquina_de_estados:maquina_de_estados|estado_atual[1] ;
; 0.500  ; 0.500        ; 0.000          ; High Pulse Width ; clock ; Rise       ; clock|combout                                         ;
; 0.500  ; 0.500        ; 0.000          ; Low Pulse Width  ; clock ; Rise       ; clock|combout                                         ;
; 0.500  ; 0.500        ; 0.000          ; High Pulse Width ; clock ; Rise       ; clock~clkctrl|inclk[0]                                ;
; 0.500  ; 0.500        ; 0.000          ; Low Pulse Width  ; clock ; Rise       ; clock~clkctrl|inclk[0]                                ;
; 0.500  ; 0.500        ; 0.000          ; High Pulse Width ; clock ; Rise       ; clock~clkctrl|outclk                                  ;
; 0.500  ; 0.500        ; 0.000          ; Low Pulse Width  ; clock ; Rise       ; clock~clkctrl|outclk                                  ;
; 0.500  ; 0.500        ; 0.000          ; High Pulse Width ; clock ; Rise       ; maquina_de_estados|estado_atual[0]|clk                ;
; 0.500  ; 0.500        ; 0.000          ; Low Pulse Width  ; clock ; Rise       ; maquina_de_estados|estado_atual[0]|clk                ;
; 0.500  ; 0.500        ; 0.000          ; High Pulse Width ; clock ; Rise       ; maquina_de_estados|estado_atual[1]|clk                ;
; 0.500  ; 0.500        ; 0.000          ; Low Pulse Width  ; clock ; Rise       ; maquina_de_estados|estado_atual[1]|clk                ;
+--------+--------------+----------------+------------------+-------+------------+-------------------------------------------------------+


+------------------------------------------------------------------------------+
; Setup Times                                                                  ;
+------------------+------------+-------+-------+------------+-----------------+
; Data Port        ; Clock Port ; Rise  ; Fall  ; Clock Edge ; Clock Reference ;
+------------------+------------+-------+-------+------------+-----------------+
; saida_comparador ; clock      ; 1.755 ; 1.755 ; Rise       ; clock           ;
+------------------+------------+-------+-------+------------+-----------------+


+--------------------------------------------------------------------------------+
; Hold Times                                                                     ;
+------------------+------------+--------+--------+------------+-----------------+
; Data Port        ; Clock Port ; Rise   ; Fall   ; Clock Edge ; Clock Reference ;
+------------------+------------+--------+--------+------------+-----------------+
; saida_comparador ; clock      ; -1.635 ; -1.635 ; Rise       ; clock           ;
+------------------+------------+--------+--------+------------+-----------------+


+----------------------------------------------------------------------------------------------+
; Clock to Output Times                                                                        ;
+----------------------------------+------------+-------+-------+------------+-----------------+
; Data Port                        ; Clock Port ; Rise  ; Fall  ; Clock Edge ; Clock Reference ;
+----------------------------------+------------+-------+-------+------------+-----------------+
; escrever_contador_de_programa    ; clock      ; 3.912 ; 3.912 ; Rise       ; clock           ;
; estado_atual[*]                  ; clock      ; 3.495 ; 3.495 ; Rise       ; clock           ;
;  estado_atual[0]                 ; clock      ; 3.453 ; 3.453 ; Rise       ; clock           ;
;  estado_atual[1]                 ; clock      ; 3.495 ; 3.495 ; Rise       ; clock           ;
; incrementar_contador_de_programa ; clock      ; 3.770 ; 3.770 ; Rise       ; clock           ;
; ler_memoria_de_instrucoes        ; clock      ; 3.780 ; 3.780 ; Rise       ; clock           ;
; ler_registrador_de_instrucao     ; clock      ; 3.800 ; 3.800 ; Rise       ; clock           ;
; limpar_contador_de_programa      ; clock      ; 3.917 ; 3.917 ; Rise       ; clock           ;
+----------------------------------+------------+-------+-------+------------+-----------------+


+----------------------------------------------------------------------------------------------+
; Minimum Clock to Output Times                                                                ;
+----------------------------------+------------+-------+-------+------------+-----------------+
; Data Port                        ; Clock Port ; Rise  ; Fall  ; Clock Edge ; Clock Reference ;
+----------------------------------+------------+-------+-------+------------+-----------------+
; escrever_contador_de_programa    ; clock      ; 3.762 ; 3.762 ; Rise       ; clock           ;
; estado_atual[*]                  ; clock      ; 3.453 ; 3.453 ; Rise       ; clock           ;
;  estado_atual[0]                 ; clock      ; 3.453 ; 3.453 ; Rise       ; clock           ;
;  estado_atual[1]                 ; clock      ; 3.495 ; 3.495 ; Rise       ; clock           ;
; incrementar_contador_de_programa ; clock      ; 3.726 ; 3.726 ; Rise       ; clock           ;
; ler_memoria_de_instrucoes        ; clock      ; 3.736 ; 3.736 ; Rise       ; clock           ;
; ler_registrador_de_instrucao     ; clock      ; 3.756 ; 3.756 ; Rise       ; clock           ;
; limpar_contador_de_programa      ; clock      ; 3.774 ; 3.774 ; Rise       ; clock           ;
+----------------------------------+------------+-------+-------+------------+-----------------+


+--------------------------------------------------------------------------------------------------------+
; Propagation Delay                                                                                      ;
+------------------------------------+-----------------------------------+-------+-------+-------+-------+
; Input Port                         ; Output Port                       ; RR    ; RF    ; FR    ; FF    ;
+------------------------------------+-----------------------------------+-------+-------+-------+-------+
; saida_registrador_de_instrucao[0]  ; constante[0]                      ; 5.043 ;       ;       ; 5.043 ;
; saida_registrador_de_instrucao[0]  ; endereco_memoria_de_dados[0]      ; 5.053 ;       ;       ; 5.053 ;
; saida_registrador_de_instrucao[0]  ; endereco_para_escrita_no_banco[0] ; 5.186 ;       ;       ; 5.186 ;
; saida_registrador_de_instrucao[1]  ; constante[1]                      ; 4.701 ;       ;       ; 4.701 ;
; saida_registrador_de_instrucao[1]  ; endereco_memoria_de_dados[1]      ; 4.791 ;       ;       ; 4.791 ;
; saida_registrador_de_instrucao[1]  ; endereco_para_escrita_no_banco[1] ; 5.084 ;       ;       ; 5.084 ;
; saida_registrador_de_instrucao[2]  ; constante[2]                      ; 5.083 ;       ;       ; 5.083 ;
; saida_registrador_de_instrucao[2]  ; endereco_memoria_de_dados[2]      ; 5.083 ;       ;       ; 5.083 ;
; saida_registrador_de_instrucao[2]  ; endereco_para_escrita_no_banco[2] ; 5.197 ;       ;       ; 5.197 ;
; saida_registrador_de_instrucao[3]  ; constante[3]                      ; 5.136 ;       ;       ; 5.136 ;
; saida_registrador_de_instrucao[3]  ; endereco_memoria_de_dados[3]      ; 5.077 ;       ;       ; 5.077 ;
; saida_registrador_de_instrucao[3]  ; endereco_para_escrita_no_banco[3] ; 5.279 ;       ;       ; 5.279 ;
; saida_registrador_de_instrucao[4]  ; constante[4]                      ; 5.076 ;       ;       ; 5.076 ;
; saida_registrador_de_instrucao[4]  ; endereco_2_para_leitura_banco[0]  ; 5.086 ;       ;       ; 5.086 ;
; saida_registrador_de_instrucao[4]  ; endereco_memoria_de_dados[4]      ; 5.087 ;       ;       ; 5.087 ;
; saida_registrador_de_instrucao[5]  ; constante[5]                      ; 4.622 ;       ;       ; 4.622 ;
; saida_registrador_de_instrucao[5]  ; endereco_2_para_leitura_banco[1]  ; 4.642 ;       ;       ; 4.642 ;
; saida_registrador_de_instrucao[5]  ; endereco_memoria_de_dados[5]      ; 4.642 ;       ;       ; 4.642 ;
; saida_registrador_de_instrucao[6]  ; constante[6]                      ; 5.066 ;       ;       ; 5.066 ;
; saida_registrador_de_instrucao[6]  ; endereco_2_para_leitura_banco[2]  ; 5.066 ;       ;       ; 5.066 ;
; saida_registrador_de_instrucao[6]  ; endereco_memoria_de_dados[6]      ; 5.046 ;       ;       ; 5.046 ;
; saida_registrador_de_instrucao[7]  ; constante[7]                      ; 4.976 ;       ;       ; 4.976 ;
; saida_registrador_de_instrucao[7]  ; endereco_2_para_leitura_banco[3]  ; 4.976 ;       ;       ; 4.976 ;
; saida_registrador_de_instrucao[7]  ; endereco_memoria_de_dados[7]      ; 4.986 ;       ;       ; 4.986 ;
; saida_registrador_de_instrucao[8]  ; endereco_1_para_leitura_banco[0]  ; 5.070 ;       ;       ; 5.070 ;
; saida_registrador_de_instrucao[8]  ; endereco_para_escrita_no_banco[0] ; 5.161 ;       ;       ; 5.161 ;
; saida_registrador_de_instrucao[9]  ; endereco_1_para_leitura_banco[1]  ; 4.720 ;       ;       ; 4.720 ;
; saida_registrador_de_instrucao[9]  ; endereco_para_escrita_no_banco[1] ; 5.005 ;       ;       ; 5.005 ;
; saida_registrador_de_instrucao[10] ; endereco_1_para_leitura_banco[2]  ; 4.610 ;       ;       ; 4.610 ;
; saida_registrador_de_instrucao[10] ; endereco_para_escrita_no_banco[2] ; 5.156 ;       ;       ; 5.156 ;
; saida_registrador_de_instrucao[11] ; endereco_1_para_leitura_banco[3]  ; 4.622 ;       ;       ; 4.622 ;
; saida_registrador_de_instrucao[11] ; endereco_para_escrita_no_banco[3] ; 5.062 ;       ;       ; 5.062 ;
; saida_registrador_de_instrucao[12] ; endereco_para_escrita_no_banco[0] ; 5.494 ; 5.494 ; 5.494 ; 5.494 ;
; saida_registrador_de_instrucao[12] ; endereco_para_escrita_no_banco[1] ; 5.495 ; 5.495 ; 5.495 ; 5.495 ;
; saida_registrador_de_instrucao[12] ; endereco_para_escrita_no_banco[2] ; 5.479 ; 5.479 ; 5.479 ; 5.479 ;
; saida_registrador_de_instrucao[12] ; endereco_para_escrita_no_banco[3] ; 5.471 ; 5.471 ; 5.471 ; 5.471 ;
; saida_registrador_de_instrucao[12] ; escrever_memoria_de_dados         ; 5.121 ;       ;       ; 5.121 ;
; saida_registrador_de_instrucao[12] ; escrever_no_banco                 ;       ; 5.225 ; 5.225 ;       ;
; saida_registrador_de_instrucao[12] ; habilitar_leitura_no_banco[0]     ; 5.220 ; 5.220 ; 5.220 ; 5.220 ;
; saida_registrador_de_instrucao[12] ; habilitar_leitura_no_banco[1]     ;       ; 5.251 ; 5.251 ;       ;
; saida_registrador_de_instrucao[12] ; ler_memoria_de_dados              ;       ; 5.176 ; 5.176 ;       ;
; saida_registrador_de_instrucao[12] ; seletor_ALU[0]                    ;       ; 5.115 ; 5.115 ;       ;
; saida_registrador_de_instrucao[12] ; seletor_ALU[1]                    ;       ; 5.176 ; 5.176 ;       ;
; saida_registrador_de_instrucao[12] ; seletor_mux[0]                    ; 5.220 ;       ;       ; 5.220 ;
; saida_registrador_de_instrucao[12] ; seletor_mux[1]                    ; 5.082 ;       ;       ; 5.082 ;
; saida_registrador_de_instrucao[13] ; endereco_para_escrita_no_banco[0] ; 5.551 ; 5.551 ; 5.551 ; 5.551 ;
; saida_registrador_de_instrucao[13] ; endereco_para_escrita_no_banco[1] ; 5.552 ; 5.552 ; 5.552 ; 5.552 ;
; saida_registrador_de_instrucao[13] ; endereco_para_escrita_no_banco[2] ; 5.536 ; 5.536 ; 5.536 ; 5.536 ;
; saida_registrador_de_instrucao[13] ; endereco_para_escrita_no_banco[3] ; 5.528 ; 5.528 ; 5.528 ; 5.528 ;
; saida_registrador_de_instrucao[13] ; escrever_memoria_de_dados         ;       ; 5.168 ; 5.168 ;       ;
; saida_registrador_de_instrucao[13] ; escrever_no_banco                 ; 5.271 ; 5.271 ; 5.271 ; 5.271 ;
; saida_registrador_de_instrucao[13] ; habilitar_leitura_no_banco[0]     ; 5.271 ; 5.271 ; 5.271 ; 5.271 ;
; saida_registrador_de_instrucao[13] ; habilitar_leitura_no_banco[1]     ; 5.308 ; 5.308 ; 5.308 ; 5.308 ;
; saida_registrador_de_instrucao[13] ; ler_memoria_de_dados              ;       ; 5.220 ; 5.220 ;       ;
; saida_registrador_de_instrucao[13] ; seletor_ALU[0]                    ; 5.193 ;       ;       ; 5.193 ;
; saida_registrador_de_instrucao[13] ; seletor_ALU[1]                    ;       ; 5.235 ; 5.235 ;       ;
; saida_registrador_de_instrucao[13] ; seletor_mux[0]                    ; 5.268 ; 5.268 ; 5.268 ; 5.268 ;
; saida_registrador_de_instrucao[13] ; seletor_mux[1]                    ; 5.126 ;       ;       ; 5.126 ;
; saida_registrador_de_instrucao[14] ; endereco_para_escrita_no_banco[0] ; 5.613 ; 5.613 ; 5.613 ; 5.613 ;
; saida_registrador_de_instrucao[14] ; endereco_para_escrita_no_banco[1] ; 5.614 ; 5.614 ; 5.614 ; 5.614 ;
; saida_registrador_de_instrucao[14] ; endereco_para_escrita_no_banco[2] ; 5.598 ; 5.598 ; 5.598 ; 5.598 ;
; saida_registrador_de_instrucao[14] ; endereco_para_escrita_no_banco[3] ; 5.590 ; 5.590 ; 5.590 ; 5.590 ;
; saida_registrador_de_instrucao[14] ; escrever_memoria_de_dados         ;       ; 5.234 ; 5.234 ;       ;
; saida_registrador_de_instrucao[14] ; escrever_no_banco                 ;       ; 5.338 ; 5.338 ;       ;
; saida_registrador_de_instrucao[14] ; habilitar_leitura_no_banco[0]     ; 5.332 ; 5.332 ; 5.332 ; 5.332 ;
; saida_registrador_de_instrucao[14] ; habilitar_leitura_no_banco[1]     ; 5.370 ; 5.370 ; 5.370 ; 5.370 ;
; saida_registrador_de_instrucao[14] ; ler_memoria_de_dados              ;       ; 5.289 ; 5.289 ;       ;
; saida_registrador_de_instrucao[14] ; seletor_ALU[0]                    ;       ; 5.235 ; 5.235 ;       ;
; saida_registrador_de_instrucao[14] ; seletor_ALU[1]                    ; 5.295 ;       ;       ; 5.295 ;
; saida_registrador_de_instrucao[14] ; seletor_mux[0]                    ; 5.333 ; 5.333 ; 5.333 ; 5.333 ;
; saida_registrador_de_instrucao[14] ; seletor_mux[1]                    ; 5.195 ;       ;       ; 5.195 ;
; saida_registrador_de_instrucao[15] ; endereco_para_escrita_no_banco[0] ; 5.438 ; 5.438 ; 5.438 ; 5.438 ;
; saida_registrador_de_instrucao[15] ; endereco_para_escrita_no_banco[1] ; 5.439 ; 5.439 ; 5.439 ; 5.439 ;
; saida_registrador_de_instrucao[15] ; endereco_para_escrita_no_banco[2] ; 5.423 ; 5.423 ; 5.423 ; 5.423 ;
; saida_registrador_de_instrucao[15] ; endereco_para_escrita_no_banco[3] ; 5.415 ; 5.415 ; 5.415 ; 5.415 ;
; saida_registrador_de_instrucao[15] ; escrever_memoria_de_dados         ;       ; 5.060 ; 5.060 ;       ;
; saida_registrador_de_instrucao[15] ; escrever_no_banco                 ;       ; 5.165 ; 5.165 ;       ;
; saida_registrador_de_instrucao[15] ; habilitar_leitura_no_banco[0]     ;       ; 5.160 ; 5.160 ;       ;
; saida_registrador_de_instrucao[15] ; habilitar_leitura_no_banco[1]     ;       ; 5.195 ; 5.195 ;       ;
; saida_registrador_de_instrucao[15] ; ler_memoria_de_dados              ;       ; 5.116 ; 5.116 ;       ;
; saida_registrador_de_instrucao[15] ; seletor_ALU[0]                    ;       ; 5.061 ; 5.061 ;       ;
; saida_registrador_de_instrucao[15] ; seletor_ALU[1]                    ;       ; 5.123 ; 5.123 ;       ;
; saida_registrador_de_instrucao[15] ; seletor_mux[0]                    ; 5.160 ;       ;       ; 5.160 ;
; saida_registrador_de_instrucao[15] ; seletor_mux[1]                    ; 5.022 ;       ;       ; 5.022 ;
+------------------------------------+-----------------------------------+-------+-------+-------+-------+


+--------------------------------------------------------------------------------------------------------+
; Minimum Propagation Delay                                                                              ;
+------------------------------------+-----------------------------------+-------+-------+-------+-------+
; Input Port                         ; Output Port                       ; RR    ; RF    ; FR    ; FF    ;
+------------------------------------+-----------------------------------+-------+-------+-------+-------+
; saida_registrador_de_instrucao[0]  ; constante[0]                      ; 5.043 ;       ;       ; 5.043 ;
; saida_registrador_de_instrucao[0]  ; endereco_memoria_de_dados[0]      ; 5.053 ;       ;       ; 5.053 ;
; saida_registrador_de_instrucao[0]  ; endereco_para_escrita_no_banco[0] ; 5.186 ;       ;       ; 5.186 ;
; saida_registrador_de_instrucao[1]  ; constante[1]                      ; 4.701 ;       ;       ; 4.701 ;
; saida_registrador_de_instrucao[1]  ; endereco_memoria_de_dados[1]      ; 4.791 ;       ;       ; 4.791 ;
; saida_registrador_de_instrucao[1]  ; endereco_para_escrita_no_banco[1] ; 5.084 ;       ;       ; 5.084 ;
; saida_registrador_de_instrucao[2]  ; constante[2]                      ; 5.083 ;       ;       ; 5.083 ;
; saida_registrador_de_instrucao[2]  ; endereco_memoria_de_dados[2]      ; 5.083 ;       ;       ; 5.083 ;
; saida_registrador_de_instrucao[2]  ; endereco_para_escrita_no_banco[2] ; 5.197 ;       ;       ; 5.197 ;
; saida_registrador_de_instrucao[3]  ; constante[3]                      ; 5.136 ;       ;       ; 5.136 ;
; saida_registrador_de_instrucao[3]  ; endereco_memoria_de_dados[3]      ; 5.077 ;       ;       ; 5.077 ;
; saida_registrador_de_instrucao[3]  ; endereco_para_escrita_no_banco[3] ; 5.279 ;       ;       ; 5.279 ;
; saida_registrador_de_instrucao[4]  ; constante[4]                      ; 5.076 ;       ;       ; 5.076 ;
; saida_registrador_de_instrucao[4]  ; endereco_2_para_leitura_banco[0]  ; 5.086 ;       ;       ; 5.086 ;
; saida_registrador_de_instrucao[4]  ; endereco_memoria_de_dados[4]      ; 5.087 ;       ;       ; 5.087 ;
; saida_registrador_de_instrucao[5]  ; constante[5]                      ; 4.622 ;       ;       ; 4.622 ;
; saida_registrador_de_instrucao[5]  ; endereco_2_para_leitura_banco[1]  ; 4.642 ;       ;       ; 4.642 ;
; saida_registrador_de_instrucao[5]  ; endereco_memoria_de_dados[5]      ; 4.642 ;       ;       ; 4.642 ;
; saida_registrador_de_instrucao[6]  ; constante[6]                      ; 5.066 ;       ;       ; 5.066 ;
; saida_registrador_de_instrucao[6]  ; endereco_2_para_leitura_banco[2]  ; 5.066 ;       ;       ; 5.066 ;
; saida_registrador_de_instrucao[6]  ; endereco_memoria_de_dados[6]      ; 5.046 ;       ;       ; 5.046 ;
; saida_registrador_de_instrucao[7]  ; constante[7]                      ; 4.976 ;       ;       ; 4.976 ;
; saida_registrador_de_instrucao[7]  ; endereco_2_para_leitura_banco[3]  ; 4.976 ;       ;       ; 4.976 ;
; saida_registrador_de_instrucao[7]  ; endereco_memoria_de_dados[7]      ; 4.986 ;       ;       ; 4.986 ;
; saida_registrador_de_instrucao[8]  ; endereco_1_para_leitura_banco[0]  ; 5.070 ;       ;       ; 5.070 ;
; saida_registrador_de_instrucao[8]  ; endereco_para_escrita_no_banco[0] ; 5.161 ;       ;       ; 5.161 ;
; saida_registrador_de_instrucao[9]  ; endereco_1_para_leitura_banco[1]  ; 4.720 ;       ;       ; 4.720 ;
; saida_registrador_de_instrucao[9]  ; endereco_para_escrita_no_banco[1] ; 5.005 ;       ;       ; 5.005 ;
; saida_registrador_de_instrucao[10] ; endereco_1_para_leitura_banco[2]  ; 4.610 ;       ;       ; 4.610 ;
; saida_registrador_de_instrucao[10] ; endereco_para_escrita_no_banco[2] ; 5.156 ;       ;       ; 5.156 ;
; saida_registrador_de_instrucao[11] ; endereco_1_para_leitura_banco[3]  ; 4.622 ;       ;       ; 4.622 ;
; saida_registrador_de_instrucao[11] ; endereco_para_escrita_no_banco[3] ; 5.062 ;       ;       ; 5.062 ;
; saida_registrador_de_instrucao[12] ; endereco_para_escrita_no_banco[0] ; 5.494 ; 5.494 ; 5.494 ; 5.494 ;
; saida_registrador_de_instrucao[12] ; endereco_para_escrita_no_banco[1] ; 5.495 ; 5.495 ; 5.495 ; 5.495 ;
; saida_registrador_de_instrucao[12] ; endereco_para_escrita_no_banco[2] ; 5.479 ; 5.479 ; 5.479 ; 5.479 ;
; saida_registrador_de_instrucao[12] ; endereco_para_escrita_no_banco[3] ; 5.471 ; 5.471 ; 5.471 ; 5.471 ;
; saida_registrador_de_instrucao[12] ; escrever_memoria_de_dados         ; 5.121 ;       ;       ; 5.121 ;
; saida_registrador_de_instrucao[12] ; escrever_no_banco                 ;       ; 5.225 ; 5.225 ;       ;
; saida_registrador_de_instrucao[12] ; habilitar_leitura_no_banco[0]     ; 5.220 ; 5.220 ; 5.220 ; 5.220 ;
; saida_registrador_de_instrucao[12] ; habilitar_leitura_no_banco[1]     ;       ; 5.251 ; 5.251 ;       ;
; saida_registrador_de_instrucao[12] ; ler_memoria_de_dados              ;       ; 5.176 ; 5.176 ;       ;
; saida_registrador_de_instrucao[12] ; seletor_ALU[0]                    ;       ; 5.115 ; 5.115 ;       ;
; saida_registrador_de_instrucao[12] ; seletor_ALU[1]                    ;       ; 5.176 ; 5.176 ;       ;
; saida_registrador_de_instrucao[12] ; seletor_mux[0]                    ; 5.220 ;       ;       ; 5.220 ;
; saida_registrador_de_instrucao[12] ; seletor_mux[1]                    ; 5.082 ;       ;       ; 5.082 ;
; saida_registrador_de_instrucao[13] ; endereco_para_escrita_no_banco[0] ; 5.551 ; 5.551 ; 5.551 ; 5.551 ;
; saida_registrador_de_instrucao[13] ; endereco_para_escrita_no_banco[1] ; 5.552 ; 5.552 ; 5.552 ; 5.552 ;
; saida_registrador_de_instrucao[13] ; endereco_para_escrita_no_banco[2] ; 5.536 ; 5.536 ; 5.536 ; 5.536 ;
; saida_registrador_de_instrucao[13] ; endereco_para_escrita_no_banco[3] ; 5.528 ; 5.528 ; 5.528 ; 5.528 ;
; saida_registrador_de_instrucao[13] ; escrever_memoria_de_dados         ;       ; 5.168 ; 5.168 ;       ;
; saida_registrador_de_instrucao[13] ; escrever_no_banco                 ; 5.271 ; 5.271 ; 5.271 ; 5.271 ;
; saida_registrador_de_instrucao[13] ; habilitar_leitura_no_banco[0]     ; 5.271 ; 5.271 ; 5.271 ; 5.271 ;
; saida_registrador_de_instrucao[13] ; habilitar_leitura_no_banco[1]     ; 5.308 ; 5.308 ; 5.308 ; 5.308 ;
; saida_registrador_de_instrucao[13] ; ler_memoria_de_dados              ;       ; 5.220 ; 5.220 ;       ;
; saida_registrador_de_instrucao[13] ; seletor_ALU[0]                    ; 5.193 ;       ;       ; 5.193 ;
; saida_registrador_de_instrucao[13] ; seletor_ALU[1]                    ;       ; 5.235 ; 5.235 ;       ;
; saida_registrador_de_instrucao[13] ; seletor_mux[0]                    ; 5.268 ; 5.268 ; 5.268 ; 5.268 ;
; saida_registrador_de_instrucao[13] ; seletor_mux[1]                    ; 5.126 ;       ;       ; 5.126 ;
; saida_registrador_de_instrucao[14] ; endereco_para_escrita_no_banco[0] ; 5.613 ; 5.613 ; 5.613 ; 5.613 ;
; saida_registrador_de_instrucao[14] ; endereco_para_escrita_no_banco[1] ; 5.614 ; 5.614 ; 5.614 ; 5.614 ;
; saida_registrador_de_instrucao[14] ; endereco_para_escrita_no_banco[2] ; 5.598 ; 5.598 ; 5.598 ; 5.598 ;
; saida_registrador_de_instrucao[14] ; endereco_para_escrita_no_banco[3] ; 5.590 ; 5.590 ; 5.590 ; 5.590 ;
; saida_registrador_de_instrucao[14] ; escrever_memoria_de_dados         ;       ; 5.234 ; 5.234 ;       ;
; saida_registrador_de_instrucao[14] ; escrever_no_banco                 ;       ; 5.338 ; 5.338 ;       ;
; saida_registrador_de_instrucao[14] ; habilitar_leitura_no_banco[0]     ; 5.332 ; 5.332 ; 5.332 ; 5.332 ;
; saida_registrador_de_instrucao[14] ; habilitar_leitura_no_banco[1]     ; 5.370 ; 5.370 ; 5.370 ; 5.370 ;
; saida_registrador_de_instrucao[14] ; ler_memoria_de_dados              ;       ; 5.289 ; 5.289 ;       ;
; saida_registrador_de_instrucao[14] ; seletor_ALU[0]                    ;       ; 5.235 ; 5.235 ;       ;
; saida_registrador_de_instrucao[14] ; seletor_ALU[1]                    ; 5.295 ;       ;       ; 5.295 ;
; saida_registrador_de_instrucao[14] ; seletor_mux[0]                    ; 5.333 ; 5.333 ; 5.333 ; 5.333 ;
; saida_registrador_de_instrucao[14] ; seletor_mux[1]                    ; 5.195 ;       ;       ; 5.195 ;
; saida_registrador_de_instrucao[15] ; endereco_para_escrita_no_banco[0] ; 5.438 ; 5.438 ; 5.438 ; 5.438 ;
; saida_registrador_de_instrucao[15] ; endereco_para_escrita_no_banco[1] ; 5.439 ; 5.439 ; 5.439 ; 5.439 ;
; saida_registrador_de_instrucao[15] ; endereco_para_escrita_no_banco[2] ; 5.423 ; 5.423 ; 5.423 ; 5.423 ;
; saida_registrador_de_instrucao[15] ; endereco_para_escrita_no_banco[3] ; 5.415 ; 5.415 ; 5.415 ; 5.415 ;
; saida_registrador_de_instrucao[15] ; escrever_memoria_de_dados         ;       ; 5.060 ; 5.060 ;       ;
; saida_registrador_de_instrucao[15] ; escrever_no_banco                 ;       ; 5.165 ; 5.165 ;       ;
; saida_registrador_de_instrucao[15] ; habilitar_leitura_no_banco[0]     ;       ; 5.160 ; 5.160 ;       ;
; saida_registrador_de_instrucao[15] ; habilitar_leitura_no_banco[1]     ;       ; 5.195 ; 5.195 ;       ;
; saida_registrador_de_instrucao[15] ; ler_memoria_de_dados              ;       ; 5.116 ; 5.116 ;       ;
; saida_registrador_de_instrucao[15] ; seletor_ALU[0]                    ;       ; 5.061 ; 5.061 ;       ;
; saida_registrador_de_instrucao[15] ; seletor_ALU[1]                    ;       ; 5.123 ; 5.123 ;       ;
; saida_registrador_de_instrucao[15] ; seletor_mux[0]                    ; 5.160 ;       ;       ; 5.160 ;
; saida_registrador_de_instrucao[15] ; seletor_mux[1]                    ; 5.022 ;       ;       ; 5.022 ;
+------------------------------------+-----------------------------------+-------+-------+-------+-------+


+------------------------------------------------------------------------------+
; Multicorner Timing Analysis Summary                                          ;
+------------------+--------+-------+----------+---------+---------------------+
; Clock            ; Setup  ; Hold  ; Recovery ; Removal ; Minimum Pulse Width ;
+------------------+--------+-------+----------+---------+---------------------+
; Worst-case Slack ; -0.281 ; 0.215 ; N/A      ; N/A     ; -1.380              ;
;  clock           ; -0.281 ; 0.215 ; N/A      ; N/A     ; -1.380              ;
; Design-wide TNS  ; -0.281 ; 0.0   ; 0.0      ; 0.0     ; -3.38               ;
;  clock           ; -0.281 ; 0.000 ; N/A      ; N/A     ; -3.380              ;
+------------------+--------+-------+----------+---------+---------------------+


+------------------------------------------------------------------------------+
; Setup Times                                                                  ;
+------------------+------------+-------+-------+------------+-----------------+
; Data Port        ; Clock Port ; Rise  ; Fall  ; Clock Edge ; Clock Reference ;
+------------------+------------+-------+-------+------------+-----------------+
; saida_comparador ; clock      ; 3.159 ; 3.159 ; Rise       ; clock           ;
+------------------+------------+-------+-------+------------+-----------------+


+--------------------------------------------------------------------------------+
; Hold Times                                                                     ;
+------------------+------------+--------+--------+------------+-----------------+
; Data Port        ; Clock Port ; Rise   ; Fall   ; Clock Edge ; Clock Reference ;
+------------------+------------+--------+--------+------------+-----------------+
; saida_comparador ; clock      ; -1.635 ; -1.635 ; Rise       ; clock           ;
+------------------+------------+--------+--------+------------+-----------------+


+----------------------------------------------------------------------------------------------+
; Clock to Output Times                                                                        ;
+----------------------------------+------------+-------+-------+------------+-----------------+
; Data Port                        ; Clock Port ; Rise  ; Fall  ; Clock Edge ; Clock Reference ;
+----------------------------------+------------+-------+-------+------------+-----------------+
; escrever_contador_de_programa    ; clock      ; 7.108 ; 7.108 ; Rise       ; clock           ;
; estado_atual[*]                  ; clock      ; 6.124 ; 6.124 ; Rise       ; clock           ;
;  estado_atual[0]                 ; clock      ; 6.076 ; 6.076 ; Rise       ; clock           ;
;  estado_atual[1]                 ; clock      ; 6.124 ; 6.124 ; Rise       ; clock           ;
; incrementar_contador_de_programa ; clock      ; 6.864 ; 6.864 ; Rise       ; clock           ;
; ler_memoria_de_instrucoes        ; clock      ; 6.874 ; 6.874 ; Rise       ; clock           ;
; ler_registrador_de_instrucao     ; clock      ; 6.894 ; 6.894 ; Rise       ; clock           ;
; limpar_contador_de_programa      ; clock      ; 7.153 ; 7.153 ; Rise       ; clock           ;
+----------------------------------+------------+-------+-------+------------+-----------------+


+----------------------------------------------------------------------------------------------+
; Minimum Clock to Output Times                                                                ;
+----------------------------------+------------+-------+-------+------------+-----------------+
; Data Port                        ; Clock Port ; Rise  ; Fall  ; Clock Edge ; Clock Reference ;
+----------------------------------+------------+-------+-------+------------+-----------------+
; escrever_contador_de_programa    ; clock      ; 3.762 ; 3.762 ; Rise       ; clock           ;
; estado_atual[*]                  ; clock      ; 3.453 ; 3.453 ; Rise       ; clock           ;
;  estado_atual[0]                 ; clock      ; 3.453 ; 3.453 ; Rise       ; clock           ;
;  estado_atual[1]                 ; clock      ; 3.495 ; 3.495 ; Rise       ; clock           ;
; incrementar_contador_de_programa ; clock      ; 3.726 ; 3.726 ; Rise       ; clock           ;
; ler_memoria_de_instrucoes        ; clock      ; 3.736 ; 3.736 ; Rise       ; clock           ;
; ler_registrador_de_instrucao     ; clock      ; 3.756 ; 3.756 ; Rise       ; clock           ;
; limpar_contador_de_programa      ; clock      ; 3.774 ; 3.774 ; Rise       ; clock           ;
+----------------------------------+------------+-------+-------+------------+-----------------+


+------------------------------------------------------------------------------------------------------------+
; Progagation Delay                                                                                          ;
+------------------------------------+-----------------------------------+--------+--------+--------+--------+
; Input Port                         ; Output Port                       ; RR     ; RF     ; FR     ; FF     ;
+------------------------------------+-----------------------------------+--------+--------+--------+--------+
; saida_registrador_de_instrucao[0]  ; constante[0]                      ; 8.853  ;        ;        ; 8.853  ;
; saida_registrador_de_instrucao[0]  ; endereco_memoria_de_dados[0]      ; 8.863  ;        ;        ; 8.863  ;
; saida_registrador_de_instrucao[0]  ; endereco_para_escrita_no_banco[0] ; 9.290  ;        ;        ; 9.290  ;
; saida_registrador_de_instrucao[1]  ; constante[1]                      ; 8.164  ;        ;        ; 8.164  ;
; saida_registrador_de_instrucao[1]  ; endereco_memoria_de_dados[1]      ; 8.291  ;        ;        ; 8.291  ;
; saida_registrador_de_instrucao[1]  ; endereco_para_escrita_no_banco[1] ; 9.021  ;        ;        ; 9.021  ;
; saida_registrador_de_instrucao[2]  ; constante[2]                      ; 8.891  ;        ;        ; 8.891  ;
; saida_registrador_de_instrucao[2]  ; endereco_memoria_de_dados[2]      ; 8.891  ;        ;        ; 8.891  ;
; saida_registrador_de_instrucao[2]  ; endereco_para_escrita_no_banco[2] ; 9.306  ;        ;        ; 9.306  ;
; saida_registrador_de_instrucao[3]  ; constante[3]                      ; 8.989  ;        ;        ; 8.989  ;
; saida_registrador_de_instrucao[3]  ; endereco_memoria_de_dados[3]      ; 8.888  ;        ;        ; 8.888  ;
; saida_registrador_de_instrucao[3]  ; endereco_para_escrita_no_banco[3] ; 9.486  ;        ;        ; 9.486  ;
; saida_registrador_de_instrucao[4]  ; constante[4]                      ; 8.901  ;        ;        ; 8.901  ;
; saida_registrador_de_instrucao[4]  ; endereco_2_para_leitura_banco[0]  ; 8.911  ;        ;        ; 8.911  ;
; saida_registrador_de_instrucao[4]  ; endereco_memoria_de_dados[4]      ; 8.890  ;        ;        ; 8.890  ;
; saida_registrador_de_instrucao[5]  ; constante[5]                      ; 7.976  ;        ;        ; 7.976  ;
; saida_registrador_de_instrucao[5]  ; endereco_2_para_leitura_banco[1]  ; 7.996  ;        ;        ; 7.996  ;
; saida_registrador_de_instrucao[5]  ; endereco_memoria_de_dados[5]      ; 7.996  ;        ;        ; 7.996  ;
; saida_registrador_de_instrucao[6]  ; constante[6]                      ; 8.876  ;        ;        ; 8.876  ;
; saida_registrador_de_instrucao[6]  ; endereco_2_para_leitura_banco[2]  ; 8.876  ;        ;        ; 8.876  ;
; saida_registrador_de_instrucao[6]  ; endereco_memoria_de_dados[6]      ; 8.856  ;        ;        ; 8.856  ;
; saida_registrador_de_instrucao[7]  ; constante[7]                      ; 8.657  ;        ;        ; 8.657  ;
; saida_registrador_de_instrucao[7]  ; endereco_2_para_leitura_banco[3]  ; 8.657  ;        ;        ; 8.657  ;
; saida_registrador_de_instrucao[7]  ; endereco_memoria_de_dados[7]      ; 8.667  ;        ;        ; 8.667  ;
; saida_registrador_de_instrucao[8]  ; endereco_1_para_leitura_banco[0]  ; 8.872  ;        ;        ; 8.872  ;
; saida_registrador_de_instrucao[8]  ; endereco_para_escrita_no_banco[0] ; 9.224  ;        ;        ; 9.224  ;
; saida_registrador_de_instrucao[9]  ; endereco_1_para_leitura_banco[1]  ; 8.183  ;        ;        ; 8.183  ;
; saida_registrador_de_instrucao[9]  ; endereco_para_escrita_no_banco[1] ; 8.853  ;        ;        ; 8.853  ;
; saida_registrador_de_instrucao[10] ; endereco_1_para_leitura_banco[2]  ; 7.965  ;        ;        ; 7.965  ;
; saida_registrador_de_instrucao[10] ; endereco_para_escrita_no_banco[2] ; 9.186  ;        ;        ; 9.186  ;
; saida_registrador_de_instrucao[11] ; endereco_1_para_leitura_banco[3]  ; 7.977  ;        ;        ; 7.977  ;
; saida_registrador_de_instrucao[11] ; endereco_para_escrita_no_banco[3] ; 9.003  ;        ;        ; 9.003  ;
; saida_registrador_de_instrucao[12] ; endereco_para_escrita_no_banco[0] ; 9.885  ; 9.885  ; 9.885  ; 9.885  ;
; saida_registrador_de_instrucao[12] ; endereco_para_escrita_no_banco[1] ; 9.886  ; 9.886  ; 9.886  ; 9.886  ;
; saida_registrador_de_instrucao[12] ; endereco_para_escrita_no_banco[2] ; 9.878  ; 9.878  ; 9.878  ; 9.878  ;
; saida_registrador_de_instrucao[12] ; endereco_para_escrita_no_banco[3] ; 9.859  ; 9.859  ; 9.859  ; 9.859  ;
; saida_registrador_de_instrucao[12] ; escrever_memoria_de_dados         ; 9.018  ;        ;        ; 9.018  ;
; saida_registrador_de_instrucao[12] ; escrever_no_banco                 ;        ; 9.279  ; 9.279  ;        ;
; saida_registrador_de_instrucao[12] ; habilitar_leitura_no_banco[0]     ; 9.271  ; 9.271  ; 9.271  ; 9.271  ;
; saida_registrador_de_instrucao[12] ; habilitar_leitura_no_banco[1]     ;        ; 9.325  ; 9.325  ;        ;
; saida_registrador_de_instrucao[12] ; ler_memoria_de_dados              ;        ; 9.160  ; 9.160  ;        ;
; saida_registrador_de_instrucao[12] ; seletor_ALU[0]                    ;        ; 9.006  ; 9.006  ;        ;
; saida_registrador_de_instrucao[12] ; seletor_ALU[1]                    ;        ; 9.161  ; 9.161  ;        ;
; saida_registrador_de_instrucao[12] ; seletor_mux[0]                    ; 9.271  ;        ;        ; 9.271  ;
; saida_registrador_de_instrucao[12] ; seletor_mux[1]                    ; 8.981  ;        ;        ; 8.981  ;
; saida_registrador_de_instrucao[13] ; endereco_para_escrita_no_banco[0] ; 9.989  ; 9.989  ; 9.989  ; 9.989  ;
; saida_registrador_de_instrucao[13] ; endereco_para_escrita_no_banco[1] ; 9.990  ; 9.990  ; 9.990  ; 9.990  ;
; saida_registrador_de_instrucao[13] ; endereco_para_escrita_no_banco[2] ; 9.982  ; 9.982  ; 9.982  ; 9.982  ;
; saida_registrador_de_instrucao[13] ; endereco_para_escrita_no_banco[3] ; 9.963  ; 9.963  ; 9.963  ; 9.963  ;
; saida_registrador_de_instrucao[13] ; escrever_memoria_de_dados         ;        ; 9.116  ; 9.116  ;        ;
; saida_registrador_de_instrucao[13] ; escrever_no_banco                 ; 9.373  ; 9.373  ; 9.373  ; 9.373  ;
; saida_registrador_de_instrucao[13] ; habilitar_leitura_no_banco[0]     ; 9.373  ; 9.373  ; 9.373  ; 9.373  ;
; saida_registrador_de_instrucao[13] ; habilitar_leitura_no_banco[1]     ; 9.429  ; 9.429  ; 9.429  ; 9.429  ;
; saida_registrador_de_instrucao[13] ; ler_memoria_de_dados              ;        ; 9.223  ; 9.223  ;        ;
; saida_registrador_de_instrucao[13] ; seletor_ALU[0]                    ; 9.107  ;        ;        ; 9.107  ;
; saida_registrador_de_instrucao[13] ; seletor_ALU[1]                    ;        ; 9.267  ; 9.267  ;        ;
; saida_registrador_de_instrucao[13] ; seletor_mux[0]                    ; 9.369  ; 9.369  ; 9.369  ; 9.369  ;
; saida_registrador_de_instrucao[13] ; seletor_mux[1]                    ; 9.070  ;        ;        ; 9.070  ;
; saida_registrador_de_instrucao[14] ; endereco_para_escrita_no_banco[0] ; 10.180 ; 10.180 ; 10.180 ; 10.180 ;
; saida_registrador_de_instrucao[14] ; endereco_para_escrita_no_banco[1] ; 10.181 ; 10.181 ; 10.181 ; 10.181 ;
; saida_registrador_de_instrucao[14] ; endereco_para_escrita_no_banco[2] ; 10.173 ; 10.173 ; 10.173 ; 10.173 ;
; saida_registrador_de_instrucao[14] ; endereco_para_escrita_no_banco[3] ; 10.154 ; 10.154 ; 10.154 ; 10.154 ;
; saida_registrador_de_instrucao[14] ; escrever_memoria_de_dados         ;        ; 9.274  ; 9.274  ;        ;
; saida_registrador_de_instrucao[14] ; escrever_no_banco                 ;        ; 9.575  ; 9.575  ;        ;
; saida_registrador_de_instrucao[14] ; habilitar_leitura_no_banco[0]     ; 9.566  ; 9.566  ; 9.566  ; 9.566  ;
; saida_registrador_de_instrucao[14] ; habilitar_leitura_no_banco[1]     ; 9.620  ; 9.620  ; 9.620  ; 9.620  ;
; saida_registrador_de_instrucao[14] ; ler_memoria_de_dados              ;        ; 9.457  ; 9.457  ;        ;
; saida_registrador_de_instrucao[14] ; seletor_ALU[0]                    ;        ; 9.261  ; 9.261  ;        ;
; saida_registrador_de_instrucao[14] ; seletor_ALU[1]                    ; 9.456  ;        ;        ; 9.456  ;
; saida_registrador_de_instrucao[14] ; seletor_mux[0]                    ; 9.566  ; 9.566  ; 9.566  ; 9.566  ;
; saida_registrador_de_instrucao[14] ; seletor_mux[1]                    ; 9.277  ;        ;        ; 9.277  ;
; saida_registrador_de_instrucao[15] ; endereco_para_escrita_no_banco[0] ; 9.785  ; 9.785  ; 9.785  ; 9.785  ;
; saida_registrador_de_instrucao[15] ; endereco_para_escrita_no_banco[1] ; 9.786  ; 9.786  ; 9.786  ; 9.786  ;
; saida_registrador_de_instrucao[15] ; endereco_para_escrita_no_banco[2] ; 9.778  ; 9.778  ; 9.778  ; 9.778  ;
; saida_registrador_de_instrucao[15] ; endereco_para_escrita_no_banco[3] ; 9.759  ; 9.759  ; 9.759  ; 9.759  ;
; saida_registrador_de_instrucao[15] ; escrever_memoria_de_dados         ;        ; 8.914  ; 8.914  ;        ;
; saida_registrador_de_instrucao[15] ; escrever_no_banco                 ;        ; 9.180  ; 9.180  ;        ;
; saida_registrador_de_instrucao[15] ; habilitar_leitura_no_banco[0]     ;        ; 9.172  ; 9.172  ;        ;
; saida_registrador_de_instrucao[15] ; habilitar_leitura_no_banco[1]     ;        ; 9.225  ; 9.225  ;        ;
; saida_registrador_de_instrucao[15] ; ler_memoria_de_dados              ;        ; 9.107  ; 9.107  ;        ;
; saida_registrador_de_instrucao[15] ; seletor_ALU[0]                    ;        ; 8.901  ; 8.901  ;        ;
; saida_registrador_de_instrucao[15] ; seletor_ALU[1]                    ;        ; 9.063  ; 9.063  ;        ;
; saida_registrador_de_instrucao[15] ; seletor_mux[0]                    ; 9.216  ;        ;        ; 9.216  ;
; saida_registrador_de_instrucao[15] ; seletor_mux[1]                    ; 8.925  ;        ;        ; 8.925  ;
+------------------------------------+-----------------------------------+--------+--------+--------+--------+


+--------------------------------------------------------------------------------------------------------+
; Minimum Progagation Delay                                                                              ;
+------------------------------------+-----------------------------------+-------+-------+-------+-------+
; Input Port                         ; Output Port                       ; RR    ; RF    ; FR    ; FF    ;
+------------------------------------+-----------------------------------+-------+-------+-------+-------+
; saida_registrador_de_instrucao[0]  ; constante[0]                      ; 5.043 ;       ;       ; 5.043 ;
; saida_registrador_de_instrucao[0]  ; endereco_memoria_de_dados[0]      ; 5.053 ;       ;       ; 5.053 ;
; saida_registrador_de_instrucao[0]  ; endereco_para_escrita_no_banco[0] ; 5.186 ;       ;       ; 5.186 ;
; saida_registrador_de_instrucao[1]  ; constante[1]                      ; 4.701 ;       ;       ; 4.701 ;
; saida_registrador_de_instrucao[1]  ; endereco_memoria_de_dados[1]      ; 4.791 ;       ;       ; 4.791 ;
; saida_registrador_de_instrucao[1]  ; endereco_para_escrita_no_banco[1] ; 5.084 ;       ;       ; 5.084 ;
; saida_registrador_de_instrucao[2]  ; constante[2]                      ; 5.083 ;       ;       ; 5.083 ;
; saida_registrador_de_instrucao[2]  ; endereco_memoria_de_dados[2]      ; 5.083 ;       ;       ; 5.083 ;
; saida_registrador_de_instrucao[2]  ; endereco_para_escrita_no_banco[2] ; 5.197 ;       ;       ; 5.197 ;
; saida_registrador_de_instrucao[3]  ; constante[3]                      ; 5.136 ;       ;       ; 5.136 ;
; saida_registrador_de_instrucao[3]  ; endereco_memoria_de_dados[3]      ; 5.077 ;       ;       ; 5.077 ;
; saida_registrador_de_instrucao[3]  ; endereco_para_escrita_no_banco[3] ; 5.279 ;       ;       ; 5.279 ;
; saida_registrador_de_instrucao[4]  ; constante[4]                      ; 5.076 ;       ;       ; 5.076 ;
; saida_registrador_de_instrucao[4]  ; endereco_2_para_leitura_banco[0]  ; 5.086 ;       ;       ; 5.086 ;
; saida_registrador_de_instrucao[4]  ; endereco_memoria_de_dados[4]      ; 5.087 ;       ;       ; 5.087 ;
; saida_registrador_de_instrucao[5]  ; constante[5]                      ; 4.622 ;       ;       ; 4.622 ;
; saida_registrador_de_instrucao[5]  ; endereco_2_para_leitura_banco[1]  ; 4.642 ;       ;       ; 4.642 ;
; saida_registrador_de_instrucao[5]  ; endereco_memoria_de_dados[5]      ; 4.642 ;       ;       ; 4.642 ;
; saida_registrador_de_instrucao[6]  ; constante[6]                      ; 5.066 ;       ;       ; 5.066 ;
; saida_registrador_de_instrucao[6]  ; endereco_2_para_leitura_banco[2]  ; 5.066 ;       ;       ; 5.066 ;
; saida_registrador_de_instrucao[6]  ; endereco_memoria_de_dados[6]      ; 5.046 ;       ;       ; 5.046 ;
; saida_registrador_de_instrucao[7]  ; constante[7]                      ; 4.976 ;       ;       ; 4.976 ;
; saida_registrador_de_instrucao[7]  ; endereco_2_para_leitura_banco[3]  ; 4.976 ;       ;       ; 4.976 ;
; saida_registrador_de_instrucao[7]  ; endereco_memoria_de_dados[7]      ; 4.986 ;       ;       ; 4.986 ;
; saida_registrador_de_instrucao[8]  ; endereco_1_para_leitura_banco[0]  ; 5.070 ;       ;       ; 5.070 ;
; saida_registrador_de_instrucao[8]  ; endereco_para_escrita_no_banco[0] ; 5.161 ;       ;       ; 5.161 ;
; saida_registrador_de_instrucao[9]  ; endereco_1_para_leitura_banco[1]  ; 4.720 ;       ;       ; 4.720 ;
; saida_registrador_de_instrucao[9]  ; endereco_para_escrita_no_banco[1] ; 5.005 ;       ;       ; 5.005 ;
; saida_registrador_de_instrucao[10] ; endereco_1_para_leitura_banco[2]  ; 4.610 ;       ;       ; 4.610 ;
; saida_registrador_de_instrucao[10] ; endereco_para_escrita_no_banco[2] ; 5.156 ;       ;       ; 5.156 ;
; saida_registrador_de_instrucao[11] ; endereco_1_para_leitura_banco[3]  ; 4.622 ;       ;       ; 4.622 ;
; saida_registrador_de_instrucao[11] ; endereco_para_escrita_no_banco[3] ; 5.062 ;       ;       ; 5.062 ;
; saida_registrador_de_instrucao[12] ; endereco_para_escrita_no_banco[0] ; 5.494 ; 5.494 ; 5.494 ; 5.494 ;
; saida_registrador_de_instrucao[12] ; endereco_para_escrita_no_banco[1] ; 5.495 ; 5.495 ; 5.495 ; 5.495 ;
; saida_registrador_de_instrucao[12] ; endereco_para_escrita_no_banco[2] ; 5.479 ; 5.479 ; 5.479 ; 5.479 ;
; saida_registrador_de_instrucao[12] ; endereco_para_escrita_no_banco[3] ; 5.471 ; 5.471 ; 5.471 ; 5.471 ;
; saida_registrador_de_instrucao[12] ; escrever_memoria_de_dados         ; 5.121 ;       ;       ; 5.121 ;
; saida_registrador_de_instrucao[12] ; escrever_no_banco                 ;       ; 5.225 ; 5.225 ;       ;
; saida_registrador_de_instrucao[12] ; habilitar_leitura_no_banco[0]     ; 5.220 ; 5.220 ; 5.220 ; 5.220 ;
; saida_registrador_de_instrucao[12] ; habilitar_leitura_no_banco[1]     ;       ; 5.251 ; 5.251 ;       ;
; saida_registrador_de_instrucao[12] ; ler_memoria_de_dados              ;       ; 5.176 ; 5.176 ;       ;
; saida_registrador_de_instrucao[12] ; seletor_ALU[0]                    ;       ; 5.115 ; 5.115 ;       ;
; saida_registrador_de_instrucao[12] ; seletor_ALU[1]                    ;       ; 5.176 ; 5.176 ;       ;
; saida_registrador_de_instrucao[12] ; seletor_mux[0]                    ; 5.220 ;       ;       ; 5.220 ;
; saida_registrador_de_instrucao[12] ; seletor_mux[1]                    ; 5.082 ;       ;       ; 5.082 ;
; saida_registrador_de_instrucao[13] ; endereco_para_escrita_no_banco[0] ; 5.551 ; 5.551 ; 5.551 ; 5.551 ;
; saida_registrador_de_instrucao[13] ; endereco_para_escrita_no_banco[1] ; 5.552 ; 5.552 ; 5.552 ; 5.552 ;
; saida_registrador_de_instrucao[13] ; endereco_para_escrita_no_banco[2] ; 5.536 ; 5.536 ; 5.536 ; 5.536 ;
; saida_registrador_de_instrucao[13] ; endereco_para_escrita_no_banco[3] ; 5.528 ; 5.528 ; 5.528 ; 5.528 ;
; saida_registrador_de_instrucao[13] ; escrever_memoria_de_dados         ;       ; 5.168 ; 5.168 ;       ;
; saida_registrador_de_instrucao[13] ; escrever_no_banco                 ; 5.271 ; 5.271 ; 5.271 ; 5.271 ;
; saida_registrador_de_instrucao[13] ; habilitar_leitura_no_banco[0]     ; 5.271 ; 5.271 ; 5.271 ; 5.271 ;
; saida_registrador_de_instrucao[13] ; habilitar_leitura_no_banco[1]     ; 5.308 ; 5.308 ; 5.308 ; 5.308 ;
; saida_registrador_de_instrucao[13] ; ler_memoria_de_dados              ;       ; 5.220 ; 5.220 ;       ;
; saida_registrador_de_instrucao[13] ; seletor_ALU[0]                    ; 5.193 ;       ;       ; 5.193 ;
; saida_registrador_de_instrucao[13] ; seletor_ALU[1]                    ;       ; 5.235 ; 5.235 ;       ;
; saida_registrador_de_instrucao[13] ; seletor_mux[0]                    ; 5.268 ; 5.268 ; 5.268 ; 5.268 ;
; saida_registrador_de_instrucao[13] ; seletor_mux[1]                    ; 5.126 ;       ;       ; 5.126 ;
; saida_registrador_de_instrucao[14] ; endereco_para_escrita_no_banco[0] ; 5.613 ; 5.613 ; 5.613 ; 5.613 ;
; saida_registrador_de_instrucao[14] ; endereco_para_escrita_no_banco[1] ; 5.614 ; 5.614 ; 5.614 ; 5.614 ;
; saida_registrador_de_instrucao[14] ; endereco_para_escrita_no_banco[2] ; 5.598 ; 5.598 ; 5.598 ; 5.598 ;
; saida_registrador_de_instrucao[14] ; endereco_para_escrita_no_banco[3] ; 5.590 ; 5.590 ; 5.590 ; 5.590 ;
; saida_registrador_de_instrucao[14] ; escrever_memoria_de_dados         ;       ; 5.234 ; 5.234 ;       ;
; saida_registrador_de_instrucao[14] ; escrever_no_banco                 ;       ; 5.338 ; 5.338 ;       ;
; saida_registrador_de_instrucao[14] ; habilitar_leitura_no_banco[0]     ; 5.332 ; 5.332 ; 5.332 ; 5.332 ;
; saida_registrador_de_instrucao[14] ; habilitar_leitura_no_banco[1]     ; 5.370 ; 5.370 ; 5.370 ; 5.370 ;
; saida_registrador_de_instrucao[14] ; ler_memoria_de_dados              ;       ; 5.289 ; 5.289 ;       ;
; saida_registrador_de_instrucao[14] ; seletor_ALU[0]                    ;       ; 5.235 ; 5.235 ;       ;
; saida_registrador_de_instrucao[14] ; seletor_ALU[1]                    ; 5.295 ;       ;       ; 5.295 ;
; saida_registrador_de_instrucao[14] ; seletor_mux[0]                    ; 5.333 ; 5.333 ; 5.333 ; 5.333 ;
; saida_registrador_de_instrucao[14] ; seletor_mux[1]                    ; 5.195 ;       ;       ; 5.195 ;
; saida_registrador_de_instrucao[15] ; endereco_para_escrita_no_banco[0] ; 5.438 ; 5.438 ; 5.438 ; 5.438 ;
; saida_registrador_de_instrucao[15] ; endereco_para_escrita_no_banco[1] ; 5.439 ; 5.439 ; 5.439 ; 5.439 ;
; saida_registrador_de_instrucao[15] ; endereco_para_escrita_no_banco[2] ; 5.423 ; 5.423 ; 5.423 ; 5.423 ;
; saida_registrador_de_instrucao[15] ; endereco_para_escrita_no_banco[3] ; 5.415 ; 5.415 ; 5.415 ; 5.415 ;
; saida_registrador_de_instrucao[15] ; escrever_memoria_de_dados         ;       ; 5.060 ; 5.060 ;       ;
; saida_registrador_de_instrucao[15] ; escrever_no_banco                 ;       ; 5.165 ; 5.165 ;       ;
; saida_registrador_de_instrucao[15] ; habilitar_leitura_no_banco[0]     ;       ; 5.160 ; 5.160 ;       ;
; saida_registrador_de_instrucao[15] ; habilitar_leitura_no_banco[1]     ;       ; 5.195 ; 5.195 ;       ;
; saida_registrador_de_instrucao[15] ; ler_memoria_de_dados              ;       ; 5.116 ; 5.116 ;       ;
; saida_registrador_de_instrucao[15] ; seletor_ALU[0]                    ;       ; 5.061 ; 5.061 ;       ;
; saida_registrador_de_instrucao[15] ; seletor_ALU[1]                    ;       ; 5.123 ; 5.123 ;       ;
; saida_registrador_de_instrucao[15] ; seletor_mux[0]                    ; 5.160 ;       ;       ; 5.160 ;
; saida_registrador_de_instrucao[15] ; seletor_mux[1]                    ; 5.022 ;       ;       ; 5.022 ;
+------------------------------------+-----------------------------------+-------+-------+-------+-------+


+-------------------------------------------------------------------+
; Setup Transfers                                                   ;
+------------+----------+----------+----------+----------+----------+
; From Clock ; To Clock ; RR Paths ; FR Paths ; RF Paths ; FF Paths ;
+------------+----------+----------+----------+----------+----------+
; clock      ; clock    ; 4        ; 0        ; 0        ; 0        ;
+------------+----------+----------+----------+----------+----------+
Entries labeled "false path" only account for clock-to-clock false paths and not path-based false paths. As a result, actual path counts may be lower than reported.


+-------------------------------------------------------------------+
; Hold Transfers                                                    ;
+------------+----------+----------+----------+----------+----------+
; From Clock ; To Clock ; RR Paths ; FR Paths ; RF Paths ; FF Paths ;
+------------+----------+----------+----------+----------+----------+
; clock      ; clock    ; 4        ; 0        ; 0        ; 0        ;
+------------+----------+----------+----------+----------+----------+
Entries labeled "false path" only account for clock-to-clock false paths and not path-based false paths. As a result, actual path counts may be lower than reported.


---------------
; Report TCCS ;
---------------
No dedicated SERDES Transmitter circuitry present in device or used in design


---------------
; Report RSKM ;
---------------
No dedicated SERDES Receiver circuitry present in device or used in design


+------------------------------------------------+
; Unconstrained Paths                            ;
+---------------------------------+-------+------+
; Property                        ; Setup ; Hold ;
+---------------------------------+-------+------+
; Illegal Clocks                  ; 0     ; 0    ;
; Unconstrained Clocks            ; 0     ; 0    ;
; Unconstrained Input Ports       ; 17    ; 17   ;
; Unconstrained Input Port Paths  ; 85    ; 85   ;
; Unconstrained Output Ports      ; 44    ; 44   ;
; Unconstrained Output Port Paths ; 96    ; 96   ;
+---------------------------------+-------+------+


+------------------------------------+
; TimeQuest Timing Analyzer Messages ;
+------------------------------------+
Info: *******************************************************************
Info: Running Quartus II 32-bit TimeQuest Timing Analyzer
    Info: Version 13.0.1 Build 232 06/12/2013 Service Pack 1 SJ Web Edition
    Info: Processing started: Sun Nov 24 20:56:11 2019
Info: Command: quartus_sta processador_programavel -c processador_programavel
Info: qsta_default_script.tcl version: #1
Warning (20028): Parallel compilation is not licensed and has been disabled
Info (21077): Low junction temperature is 0 degrees C
Info (21077): High junction temperature is 85 degrees C
Critical Warning (332012): Synopsys Design Constraints File file not found: 'processador_programavel.sdc'. A Synopsys Design Constraints File is required by the TimeQuest Timing Analyzer to get proper timing constraints. Without it, the Compiler will not properly optimize the design.
Info (332142): No user constrained base clocks found in the design. Calling "derive_clocks -period 1.0"
Info (332105): Deriving Clocks
    Info (332105): create_clock -period 1.000 -name clock clock
Info: Found TIMEQUEST_REPORT_SCRIPT_INCLUDE_DEFAULT_ANALYSIS = ON
Info: Analyzing Slow Model
Critical Warning (332148): Timing requirements not met
Info (332146): Worst-case setup slack is -0.281
    Info (332119):     Slack End Point TNS Clock 
    Info (332119): ========= ============= =====================
    Info (332119):    -0.281        -0.281 clock 
Info (332146): Worst-case hold slack is 0.391
    Info (332119):     Slack End Point TNS Clock 
    Info (332119): ========= ============= =====================
    Info (332119):     0.391         0.000 clock 
Info (332140): No Recovery paths to report
Info (332140): No Removal paths to report
Info (332146): Worst-case minimum pulse width slack is -1.380
    Info (332119):     Slack End Point TNS Clock 
    Info (332119): ========= ============= =====================
    Info (332119):    -1.380        -3.380 clock 
Info (332001): The selected device family is not supported by the report_metastability command.
Info: Analyzing Fast Model
Info (332146): Worst-case setup slack is 0.409
    Info (332119):     Slack End Point TNS Clock 
    Info (332119): ========= ============= =====================
    Info (332119):     0.409         0.000 clock 
Info (332146): Worst-case hold slack is 0.215
    Info (332119):     Slack End Point TNS Clock 
    Info (332119): ========= ============= =====================
    Info (332119):     0.215         0.000 clock 
Info (332140): No Recovery paths to report
Info (332140): No Removal paths to report
Critical Warning (332148): Timing requirements not met
Info (332146): Worst-case minimum pulse width slack is -1.380
    Info (332119):     Slack End Point TNS Clock 
    Info (332119): ========= ============= =====================
    Info (332119):    -1.380        -3.380 clock 
Info (332001): The selected device family is not supported by the report_metastability command.
Info (332102): Design is not fully constrained for setup requirements
Info (332102): Design is not fully constrained for hold requirements
Info: Quartus II 32-bit TimeQuest Timing Analyzer was successful. 0 errors, 4 warnings
    Info: Peak virtual memory: 300 megabytes
    Info: Processing ended: Sun Nov 24 20:56:12 2019
    Info: Elapsed time: 00:00:01
    Info: Total CPU time (on all processors): 00:00:01


